Initialising electron positions
Begin calculating forces
0.127037
0.127181
0.127025
0.127175
0.126494
0.126268
0.126547
0.126559
0.126324
0.125895
0.126010
0.126461
0.126293
0.125970
0.126255
0.127631
0.126625
0.126466
0.126164
0.126450
0.127740
0.128878
0.128356
0.128740
0.127250
0.127577
0.126813
0.126365
0.126458
0.126312
0.126595
0.128056
0.128670
0.128955
0.126654
0.127875
0.126361
0.126306
0.126003
0.126642
0.125251
0.126139
0.125508
0.125545
0.127219
0.127725
0.127649
0.126724
0.125654
0.125869
0.126227
0.126221
0.127056
0.128106
0.128847
0.126042
0.125752
0.125762
0.126464
0.126713
0.125873
0.125973
0.126202
0.127297
0.128807
0.128648
0.128866
0.128100
0.127007
0.126156
0.126960
0.125777
0.126032
0.126044
0.126996
0.127079
0.126468
0.127880
0.127084
0.126347
0.126178
0.128095
0.140836
0.127319
0.127083
0.126136
0.127243
0.128114
0.127935
0.128004
0.128029
0.128318
0.127855
0.128003
0.126462
0.125763
0.126865
0.126253
0.126487
0.125860
0.127025
0.127385
0.127291
0.127016
0.126556
0.127052
0.126475
0.127220
0.128997
0.128507
0.126616
0.126820
0.126350
0.128097
0.128224
0.128181
0.127609
0.126181
0.126121
0.126533
0.125968
0.126257
0.126430
0.126209
0.126216
0.126770
0.126270
0.125906
0.126401
0.126042
0.125607
0.126012
0.126036
0.126198
0.126833
0.127809
0.127980
0.127994
0.127684
0.126459
0.126723
0.126656
0.126201
0.125880
0.126246
0.125886
0.126525
0.126802
0.128602
0.126280
0.126797
0.128093
0.127746
0.126831
0.127422
0.128063
0.127014
0.127982
0.127497
0.128204
0.128368
0.127028
0.128795
0.128024
0.127250
0.125873
0.126281
0.126891
0.126629
0.125715
0.125442
0.127240
0.128092
0.128961
0.127106
0.127995
0.128166
0.127105
0.126707
0.126353
0.126927
0.127954
0.126660
0.126741
0.126538
0.126436
0.127263
0.126738
0.128280
0.127613
0.126833
0.128105
0.128876
0.130510
0.128958
0.129066
0.127800
0.127111
0.127701
0.128885
0.129083
0.129774
0.128987
0.128341
0.127119
0.128145
0.128891
0.129149
0.126844
0.126323
0.126649
0.126326
0.126561
0.126104
0.126755
0.126428
0.126504
0.126519
0.126195
0.126372
0.126605
0.126280
0.126327
0.126561
0.126813
0.126481
0.126447
0.126463
0.126262
0.126900
0.126154
0.126926
0.126618
0.126368
0.126379
0.127477
0.126464
0.128042
0.128849
0.129186
0.128837
0.129169
0.127829
0.127279
0.127734
0.127705
0.128694
0.128498
0.128289
0.127715
0.128103
0.129578
0.130284
0.129257
0.130758
0.129810
0.129659
0.130063
0.130151
0.130930
0.130010
0.128757
0.129696
0.130847
0.130741
0.130533
0.129447
0.128200
0.128796
0.128995
0.129643
0.130871
0.130957
0.130005
0.127705
0.127544
0.129013
0.128891
0.129616
0.129191
0.128783
0.128796
0.130355
0.129744
0.128882
0.129820
0.129805
0.128214
0.128625
0.129150
0.129083
0.128125
0.129285
0.129477
0.130031
0.129061
0.129017
0.128025
0.127965
0.128294
0.128261
0.129325
0.129568
0.128000
0.129049
0.128165
0.129092
0.129089
0.128112
0.128885
0.129068
0.127604
0.128580
0.128272
0.129244
0.129874
0.128978
0.127986
0.128383
0.129006
0.129724
0.129414
0.127842
0.127226
0.128288
0.129851
0.129698
0.129633
0.128715
0.127919
0.127946
0.127974
0.128521
0.129787
0.129422
0.129796
0.127745
0.129017
0.128235
0.129237
0.129946
0.128993
0.128609
0.128015
0.129344
0.130205
0.130276
0.129071
0.129617
0.129517
0.128958
0.128804
0.129843
0.127999
0.129364
0.128883
0.127269
0.127437
0.127935
0.128195
0.128385
0.129028
0.128930
0.128994
0.127616
0.128761
0.129152
0.129110
0.128935
0.129823
0.127830
0.128718
0.129482
0.129928
0.129018
0.128999
0.129109
0.129206
0.129161
0.129149
0.129042
0.128979
0.128938
0.129117
0.129059
0.128488
0.129621
0.129182
0.127822
0.126150
0.125967
0.127968
0.127317
0.127979
0.127850
0.128003
0.128910
0.127877
0.127464
0.127839
0.127879
0.127955
0.128285
0.130030
0.128825
0.128928
0.135405
0.129050
0.128688
0.128756
0.129163
0.128731
0.129349
0.128948
0.129499
0.129403
0.129662
0.129892
0.128508
0.129759
0.128750
0.128195
0.128795
0.130103
0.128836
0.129349
0.128933
0.126864
0.126675
0.126799
0.128242
0.129271
0.128795
0.129219
0.128658
0.128134
0.128489
0.128827
0.128658
0.129784
0.128830
0.126782
0.126678
0.128521
0.128678
0.127943
0.127952
0.128667
0.128189
0.128061
0.126932
0.127727
0.127926
0.129034
0.128538
0.128998
0.129377
0.128901
0.129036
0.130211
0.130014
0.130352
0.130157
0.129593
0.128544
0.129383
0.129144
0.129536
0.128860
0.129438
0.129432
0.129222
0.130096
0.129230
0.126982
0.126680
0.127077
0.128051
0.127839
0.128336
0.129712
0.130805
0.130568
0.129638
0.129850
0.130028
0.130349
0.130130
0.130434
0.129153
0.129362
0.129580
0.129709
0.130000
0.129940
0.129178
0.128798
0.128374
0.128850
0.128308
0.129423
0.130272
0.130010
0.128894
0.128573
0.128103
0.127777
0.128527
0.128009
0.128450
0.128811
0.127294
0.129431
0.129219
0.129638
0.128324
0.128389
0.128246
0.128582
0.128126
0.127865
0.130378
0.134702
0.127902
0.128279
0.128138
0.126267
0.127196
0.126981
0.126220
0.127822
0.126837
0.126293
0.126059
0.126633
0.126710
0.126826
0.126456
0.127533
0.126661
0.127271
0.127965
0.126406
0.127290
0.126572
0.126634
0.127130
0.126945
0.128207
0.128592
0.128065
0.127379
0.127037
0.127420
0.126683
0.127840
0.129478
0.127790
0.126626
0.125852
0.126176
0.127656
0.128454
0.126867
0.127018
0.127709
0.128215
0.128081
0.127885
0.127310
0.126196
0.125792
0.126480
0.126419
0.126505
0.127421
0.128643
0.128323
0.127457
0.127229
0.128282
0.126589
0.126289
0.126366
0.126216
0.126420
0.127395
0.128038
0.128320
0.127922
0.128200
0.128063
0.127821
0.127404
0.126260
0.126935
0.126247
0.125954
0.126397
0.125600
0.127445
0.127465
0.126652
0.126425
0.126362
0.127382
0.126856
0.126880
0.126414
0.126537
0.126510
0.127005
0.127238
0.127045
0.127102
0.126455
0.126700
0.127277
0.126891
0.126787
0.126814
0.126763
0.126186
0.126500
0.126809
0.126536
0.126741
0.127346
0.126773
0.126665
0.126520
0.127220
0.127015
0.126648
0.126161
0.126465
0.127191
0.126614
0.126420
0.126457
0.126768
0.128493
0.126951
0.127270
0.125639
0.125878
0.126313
0.126265
0.126497
0.127293
0.127432
0.128138
0.128341
0.128372
0.128316
0.127784
0.126617
0.127218
0.126822
0.127053
0.126526
0.126839
0.126818
0.126824
0.128120
0.127788
0.128229
0.128194
0.128110
0.128329
0.128597
0.128553
0.127666
0.128356
0.128160
0.127987
0.128510
0.127696
0.128032
0.128083
0.127881
0.127836
0.127837
0.128041
0.127577
0.127622
0.128178
0.127554
0.128330
0.127692
0.127227
0.128276
0.128849
0.128469
0.128568
0.127935
0.128334
0.128541
0.128275
0.128550
0.128648
0.127811
0.129601
0.129268
0.129909
0.130279
0.129608
0.130173
0.128243
0.128450
0.127445
0.128506
0.128242
0.127843
0.128404
0.128125
0.127711
0.128478
0.128876
0.129602
0.128470
0.128038
0.127598
0.129896
0.129345
0.129898
0.128966
0.129568
0.129646
0.129056
0.128172
0.130137
0.128770
0.128286
0.127353
0.128132
0.128041
0.129775
0.129330
0.128292
0.127397
0.127421
0.127611
0.128320
0.127608
0.127755
0.127537
0.127721
0.128238
0.127629
0.128165
0.128164
0.128420
0.128659
0.128363
0.128262
0.127947
0.128393
0.127786
0.128774
0.127458
0.128771
0.128034
0.127510
0.127704
0.127153
0.127477
0.127978
0.128252
0.127971
0.127620
0.128264
0.127298
0.127889
0.127906
0.128312
0.128195
0.127415
0.127796
0.127960
0.127485
0.127719
0.127516
0.127210
0.127807
0.127530
0.129913
0.127836
0.129130
0.129649
0.128756
0.127976
0.129511
0.129576
0.130154
0.129562
0.129458
0.128769
0.128075
0.128634
0.130278
0.130280
0.130152
0.129781
0.130062
0.129513
0.129506
0.130235
0.129677
0.128077
0.129078
0.128425
0.127936
0.128843
0.129648
0.128594
0.127836
0.127504
0.128127
0.129111
0.128669
0.129374
0.128947
0.127857
0.128946
0.128938
0.129695
0.129190
0.128901
0.128171
0.129605
0.129527
0.130496
0.128010
0.128424
0.129333
0.128361
0.128599
0.129870
0.130307
0.129394
0.129806
0.129124
0.128401
0.131052
0.130035
0.128974
0.128861
0.128821
0.128596
0.128771
0.129494
0.129027
0.129254
0.129702
0.129101
0.129134
0.128330
0.127337
0.127099
0.127916
0.128880
0.127661
0.128381
0.128012
0.127585
0.127165
0.126925
0.127147
0.127524
0.127734
0.127376
0.127821
0.129713
0.129559
0.129221
0.129016
0.129090
0.127206
0.127770
0.127278
0.128001
0.127071
0.127641
0.126874
0.126476
0.126807
0.127159
0.127060
0.126949
0.127186
0.127046
0.127123
0.126982
0.126760
0.126633
0.126552
0.126318
0.126982
0.126570
0.126808
0.127259
0.126400
0.126393
0.127159
0.127353
0.127876
0.128624
0.130801
0.130078
0.128199
0.129135
0.127088
0.126787
0.127565
0.127538
0.127073
0.126714
0.127359
0.126788
0.126756
0.127417
0.127495
0.127733
0.127898
0.128537
0.127084
0.126926
0.127404
0.126973
0.127605
0.126908
0.127519
0.127010
0.127662
0.127692
0.128177
0.126587
0.126615
0.126489
0.127534
0.128490
0.128654
0.128218
0.127389
0.126730
0.127914
0.128741
0.129258
0.128776
0.129767
0.130779
0.129754
0.129777
0.130068
0.129190
0.128509
0.128838
0.128617
0.127747
0.128566
0.128245
0.128342
0.129182
0.128707
0.127508
0.127725
0.127911
0.127531
0.127934
0.128111
0.127705
0.127860
0.128091
0.128235
0.128515
0.128159
0.128151
0.128303
0.128449
0.128423
0.128227
0.129654
0.128107
0.128060
0.127879
0.127899
0.128180
0.127698
0.127700
0.128560
0.127978
0.128211
0.129839
0.127995
0.126690
0.126963
0.126803
0.126526
0.127100
0.126991
0.127413
0.129330
0.129524
0.130206
0.129843
0.127667
0.127328
0.127164
0.127068
0.127276
0.128922
0.127633
0.129039
0.128288
0.128164
0.128050
0.128862
0.129243
0.129480
0.128204
0.127579
0.127329
0.126632
0.127372
0.127246
0.128166
0.128496
0.127613
0.127946
0.127845
0.128096
0.127966
0.127924
0.127703
0.128529
0.128175
0.128887
0.128560
0.128026
0.128812
0.126565
0.126930
0.126879
0.127561
0.127286
0.126986
0.127559
0.127759
0.126843
0.127287
0.126826
0.126616
0.127372
0.127692
0.127839
0.127170
0.127234
0.127108
0.127365
0.127562
0.127441
0.127074
0.126491
0.126991
0.127053
0.127947
0.127896
0.129169
0.127524
0.127922
0.128484
0.127381
0.128174
0.127532
0.127248
0.127891
0.127057
0.127303
0.127815
0.127115
0.127373
0.127146
0.127383
0.127789
0.127093
0.126689
0.127753
0.127143
0.127446
0.127361
0.127122
0.127510
0.127323
0.126744
0.127553
0.128080
0.126558
0.126442
0.126172
0.127286
0.127543
0.127219
0.127155
0.126605
0.127827
0.127469
0.127768
0.127773
0.127800
0.127779
0.127986
0.127903
0.127933
0.127891
0.128343
0.127935
0.128743
0.128549
0.128801
0.129333
0.130244
0.129842
0.129817
0.130265
0.131252
0.131147
0.130406
0.130482
0.130185
0.131144
0.130121
0.127931
0.127590
0.128407
0.129833
0.128210
0.128023
0.128143
0.129464
0.129448
0.127435
0.128035
0.128377
0.127718
0.127651
0.127556
0.127524
0.127410
0.127084
0.126545
0.127944
0.127917
0.127256
0.128086
0.128133
0.127986
0.127893
0.128095
0.128026
0.127804
0.127738
0.127210
0.126748
0.126982
0.128062
0.128010
0.128290
0.128460
0.128013
0.128905
0.128315
0.128717
0.128300
0.128322
0.128225
0.127585
0.128100
0.128123
0.128275
0.128122
0.128043
0.128291
0.128293
0.128169
0.127737
0.128352
0.127919
0.127925
0.128365
0.128777
0.128106
0.127736
0.127937
0.128318
0.129111
0.128434
0.128110
0.127661
0.128107
0.128622
0.128560
0.128453
0.128023
0.128163
0.128629
0.128913
0.128267
0.128341
0.127621
0.127372
0.129055
0.127543
0.128436
0.128726
0.128506
0.128426
0.128447
0.128100
0.128086
0.128029
0.128302
0.128425
0.128409
0.128046
0.128276
0.128411
0.127538
0.128428
0.128478
0.127993
0.128489
0.128209
0.128412
0.128147
0.126945
0.127299
0.127541
0.128020
0.126533
0.126827
0.126713
0.127349
0.127083
0.126967
0.127721
0.126557
0.127064
0.127765
0.127986
0.126706
0.127667
0.128856
0.128285
0.128372
0.129235
0.128575
0.126957
0.127379
0.126737
0.126297
0.126139
0.126475
0.127078
0.126143
0.126594
0.127897
0.127328
0.126485
0.126588
0.126788
0.128398
0.128336
0.128098
0.127134
0.127162
0.126708
0.127985
0.126746
0.127301
0.126593
0.126786
0.128858
0.128669
0.128460
0.128476
0.128453
0.128363
0.126681
0.127363
0.127452
0.127637
0.126613
0.127643
0.127786
0.127259
0.127109
0.127054
0.126800
0.126859
0.127223
0.126378
0.127474
0.126745
0.126424
0.127021
0.127285
0.126491
0.127261
0.126325
0.126578
0.127478
0.127307
0.127465
0.126148
0.127625
0.126754
0.126457
0.126246
0.126940
0.126825
0.126436
0.126830
0.127371
0.127221
0.127278
0.127756
0.127989
0.127559
0.128200
0.127416
0.127134
0.127399
0.128304
0.127670
0.127259
0.126494
0.127325
0.127492
0.127170
0.126531
0.127054
0.126721
0.127089
0.126947
0.126952
0.126724
0.126800
0.127162
0.126842
0.127848
0.127353
0.128725
0.128845
0.129460
0.128739
0.128814
0.129381
0.128235
0.125990
0.127569
0.126488
0.128369
0.127794
0.128396
0.128896
0.129394
0.128180
0.127830
0.127397
0.127662
0.127190
0.127361
0.127473
0.127325
0.127039
0.128307
0.128214
0.128207
0.128728
0.129108
0.129280
0.129361
0.127879
0.127989
0.128166
0.129387
0.128158
0.128208
0.127769
0.126798
0.126518
0.127179
0.126509
0.127583
0.129568
0.129146
0.129308
0.127967
0.128031
0.129062
0.130614
0.129980
0.127979
0.127698
0.128592
0.126963
0.127228
0.127095
0.126549
0.126962
0.126578
0.126617
0.128633
0.127303
0.126940
0.125733
0.128029
0.127055
0.127903
0.128268
0.128812
0.126753
0.127030
0.126302
0.126547
0.126994
0.126816
0.128135
0.127265
0.127103
0.125956
0.126220
0.126626
0.125760
0.129455
0.128586
0.126065
0.127352
0.128721
0.127801
0.127774
0.128322
0.127763
0.127880
0.127699
0.128278
0.127052
0.128267
0.128340
0.127720
0.128409
0.127842
0.126629
0.127636
0.128699
0.127050
0.127463
0.127106
0.127505
0.127224
0.127026
0.125965
0.127081
0.125674
0.125791
0.126996
0.126035
0.126499
0.127839
0.128197
0.128200
0.127948
0.128203
0.128154
0.128503
0.128443
0.128612
0.128375
0.128435
0.127999
0.126686
0.127688
0.127632
0.127493
0.127073
0.128865
0.128906
0.127162
0.126703
0.126993
0.126830
0.126317
0.127503
0.127165
0.126440
0.126608
0.126502
0.126625
0.127565
0.126489
0.127667
0.127041
0.127536
0.127149
0.127327
0.127550
0.127384
0.127115
0.126698
0.127088
0.126897
0.126760
0.126413
0.127895
0.127073
0.127071
0.126621
0.128614
0.126866
0.126645
0.127204
0.127008
0.127376
0.127310
0.127132
0.126618
0.127232
0.127165
0.126919
0.126472
0.126882
0.127277
0.128570
0.126869
0.127452
0.126402
0.127164
0.127586
0.127546
0.127511
0.127053
0.127080
0.128181
0.127404
0.127742
0.126862
0.127537
0.127462
0.127131
0.127033
0.127309
0.126992
0.126547
0.127474
0.127049
0.126888
0.127121
0.126279
0.127018
0.127172
0.127252
0.126351
0.126847
0.127551
0.127422
0.126485
0.127163
0.126772
0.127029
0.127481
0.128727
0.126689
0.127357
0.127159
0.127035
0.126998
0.126855
0.126748
0.126305
0.127762
0.126502
0.126675
0.126879
0.126780
0.125832
0.126077
0.126653
0.126777
0.128107
0.126297
0.128132
0.128856
0.126825
0.127246
0.126999
0.126471
0.126818
0.127510
0.126819
0.127209
0.126708
0.126838
0.126395
0.126769
0.127526
0.127000
0.126329
0.127114
0.127606
0.126784
0.126948
0.126264
0.127356
0.128064
0.126973
0.127073
0.127352
0.126231
0.126320
0.127380
0.127408
0.127608
0.127761
0.127276
0.127881
0.128013
0.127398
0.126991
0.127938
0.126377
0.126967
0.127257
0.126726
0.126717
0.126736
0.125704
0.126445
0.126786
0.126771
0.126542
0.126887
0.126717
0.126505
0.126551
0.126863
0.127223
0.126387
0.126442
0.126975
0.127438
0.126837
0.127222
0.127291
0.128071
0.127559
0.128148
0.126832
0.127336
0.127075
0.126750
0.126266
0.126991
0.127052
0.127539
0.127188
0.127381
0.127141
0.127293
0.127020
0.126786
0.126957
0.127015
0.126476
0.126311
0.127107
0.126992
0.126916
0.126369
0.126939
0.126699
0.126109
0.127380
0.127485
0.126650
0.126787
0.126491
0.126568
0.127705
0.128028
0.127231
0.128361
0.128666
0.128783
0.125904
0.126594
0.126375
0.126657
0.125383
0.126407
0.125287
0.125903
0.125833
0.125519
0.126550
0.126095
0.125622
0.125585
0.126392
0.126714
0.126334
0.126442
0.126462
0.126491
0.125793
0.126256
0.125860
0.125736
0.125183
0.126173
0.126066
0.126712
0.125756
0.125352
0.126449
0.125536
0.125597
0.126173
0.126312
0.126766
0.127407
0.127524
0.127072
0.126394
0.125383
0.125359
0.126356
0.126296
0.127218
0.126459
0.127136
0.127125
0.126212
0.126910
0.126891
0.126108
0.126366
0.125734
0.126530
0.126879
0.125702
0.126784
0.126977
0.127919
0.126371
0.126878
0.128114
0.126877
0.127174
0.126614
0.126696
0.125650
0.126015
0.127467
0.126229
0.126163
0.127504
0.126373
0.126870
0.126780
0.126296
0.126347
0.126284
0.126988
0.126001
0.127665
0.127384
0.127472
0.127358
0.125770
0.127973
0.126924
0.126895
0.127566
0.127142
0.127032
0.126980
0.126731
0.126325
0.126975
0.128176
0.127656
0.127102
0.126466
0.127722
0.127352
0.128690
0.128349
0.129439
0.129013
0.130268
0.127411
0.128858
0.129355
0.128964
0.127646
0.127339
0.126923
0.128987
0.128911
0.128305
0.128198
0.127792
0.128781
0.128133
0.129739
0.129559
0.128020
0.128977
0.128956
0.128114
0.128810
0.129175
0.129222
0.128865
0.128999
0.129634
0.128977
0.129716
0.128409
0.130162
0.129687
0.129770
0.129550
0.129717
0.129231
0.128456
0.128800
0.127910
0.128626
0.129995
0.129494
0.130275
0.130672
0.128325
0.129032
0.128047
0.127386
0.129823
0.129527
0.129887
0.129543
0.129997
0.128131
0.128439
0.129181
0.128273
0.128100
0.129862
0.128041
0.129369
0.126066
0.126452
0.126652
0.126092
0.126303
0.126653
0.126635
0.126634
0.126789
0.127553
0.126125
0.126591
0.125724
0.127275
0.128755
0.127261
0.125997
0.126518
0.125953
0.126914
0.127173
0.127072
0.127032
0.126995
0.127124
0.127762
0.127981
0.126225
0.128359
0.128220
0.127834
0.127861
0.128799
0.127905
0.128073
0.129202
0.129455
0.129187
0.128601
0.127836
0.126841
0.127355
0.128980
0.127830
0.126610
0.126418
0.126028
0.127518
0.128003
0.128442
0.127605
0.128210
0.128022
0.127832
0.127803
0.126762
0.127254
0.127854
0.126884
0.125792
0.125751
0.126731
0.127177
0.126279
0.126782
0.126423
0.127208
0.126238
0.126472
0.128936
0.128229
0.126970
0.126750
0.127265
0.127122
0.126876
0.126306
0.126271
0.125744
0.127417
0.126248
0.127304
0.127341
0.127652
0.125967
0.126236
0.126036
0.128110
0.126808
0.126367
0.126438
0.127601
0.126374
0.126708
0.127690
0.128008
0.129642
0.129108
0.128384
0.128033
0.129491
0.129030
0.128529
0.128354
0.126242
0.129149
0.128860
0.128123
0.127911
0.127201
0.128908
0.128674
0.127494
0.128689
0.126913
0.128120
0.128431
0.129036
0.128895
0.129496
0.127576
0.127706
0.127380
0.127941
0.127698
0.128730
0.129638
0.129530
0.129232
0.129345
0.127345
0.126702
0.126722
0.126905
0.127197
0.127759
0.129156
0.128790
0.129165
0.129200
0.128916
0.127570
0.126590
0.127405
0.127724
0.126908
0.127894
0.129002
0.128813
0.126516
0.127475
0.127565
0.127697
0.128703
0.127868
0.128636
0.127945
0.126614
0.126404
0.126524
0.127049
0.126453
0.126846
0.126328
0.126830
0.127400
0.127718
0.128558
0.129976
0.129564
0.129365
0.128606
0.127190
0.126940
0.126889
0.127424
0.128435
0.128340
0.127017
0.127719
0.127293
0.127362
0.126804
0.127356
0.126555
0.127417
0.126555
0.126527
0.126645
0.126938
0.126525
0.126630
0.126573
0.128184
0.129081
0.127421
0.127713
0.127582
0.127154
0.126900
0.127211
0.127392
0.128426
0.128112
0.127158
0.126666
0.126078
0.127188
0.126743
0.128006
0.126758
0.126747
0.126884
0.127396
0.128344
0.128335
0.128205
0.128654
0.128287
0.127190
0.127592
0.126977
0.127615
0.129448
0.128281
0.128434
0.129150
0.129347
0.128160
0.128184
0.127559
0.127762
0.127389
0.126812
0.127788
0.127481
0.127503
0.127313
0.127497
0.128152
0.128733
0.128462
0.127630
0.127470
0.127445
0.128024
0.127967
0.127089
0.127267
0.128733
0.128505
0.127010
0.127764
0.128673
0.129375
0.129068
0.129305
0.128175
0.128338
0.127244
0.127314
0.128664
0.128768
0.128874
0.128977
0.128954
0.127406
0.126758
0.127254
0.126972
0.126620
0.127242
0.127113
0.126920
0.126832
0.127442
0.126716
0.127548
0.126485
0.128145
0.128425
0.127751
0.127174
0.127515
0.127835
0.127288
0.127637
0.129288
0.130081
0.129152
0.127255
0.126976
0.127107
0.128286
0.130281
0.126733
0.125961
0.126584
0.126523
0.127571
0.126187
0.125924
0.126130
0.126319
0.126028
0.125900
0.127460
0.126958
0.127177
0.126733
0.125751
0.126234
0.126779
0.126290
0.126603
0.126538
0.126521
0.126730
0.126375
0.126573
0.126232
0.126587
0.126437
0.126036
0.128676
0.128263
0.127998
0.127516
0.128053
0.126611
0.126840
0.126046
0.126488
0.126536
0.127777
0.126512
0.125940
0.127449
0.126673
0.127300
0.127452
0.126366
0.126300
0.125924
0.126177
0.126756
0.127431
0.127501
0.127668
0.127677
0.127812
0.127109
0.126632
0.127092
0.126113
0.126356
0.125797
0.125749
0.125974
0.125812
0.125785
0.126536
0.126013
0.125938
0.126090
0.126031
0.125736
0.125637
0.126017
0.126212
0.127616
0.127891
0.127557
0.127389
0.127549
0.126965
0.126033
0.126906
0.126316
0.125964
0.126356
0.126166
0.126242
0.126209
0.126407
0.125856
0.127353
0.126226
0.127595
0.128432
0.126681
0.127713
0.127460
0.125950
0.128125
0.127995
0.128575
0.129506
0.129118
0.128504
0.126819
0.126320
0.127063
0.126383
0.127627
0.127143
0.125669
0.126989
0.127895
0.126656
0.126877
0.127077
0.126106
0.126822
0.128843
0.127368
0.127986
0.126593
0.126197
0.127007
0.126233
0.126242
0.126638
0.126428
0.126783
0.126084
0.126266
0.126077
0.127202
0.127237
0.126322
0.126691
0.126245
0.126491
0.126173
0.126340
0.126201
0.126628
0.126025
0.126593
0.126777
0.128086
0.127600
0.127530
0.126404
0.129958
0.129362
0.127245
0.126397
0.126756
0.126015
0.125791
0.126368
0.126701
0.126504
0.126205
0.126278
0.126044
0.125715
0.126714
0.126828
0.127457
0.127129
0.126860
0.127281
0.128011
0.127043
0.127936
0.126816
0.127172
0.127275
0.126765
0.127019
0.128088
0.127785
0.128530
0.127364
0.127601
0.128601
0.127515
0.127086
0.128783
0.127059
0.127120
0.126779
0.126793
0.127321
0.127006
0.126250
0.126958
0.126890
0.126730
0.126603
0.126604
0.127650
0.127131
0.126382
0.129129
0.127720
0.127157
0.127016
0.127116
0.127855
0.127492
0.126355
0.128821
0.130007
0.128975
0.128849
0.129174
0.127552
0.127222
0.128738
0.127005
0.128221
0.127170
0.127187
0.127527
0.127418
0.128312
0.127513
0.126346
0.127631
0.126574
0.125838
0.127167
0.126910
0.126930
0.126881
0.126854
0.126966
0.126744
0.127748
0.127235
0.126802
0.127395
0.127143
0.129124
0.127327
0.126995
0.127193
0.128240
0.128383
0.127841
0.127438
0.127817
0.127557
0.127564
0.128722
0.127271
0.126965
0.127283
0.127507
0.127607
0.127443
0.127201
0.126909
0.127215
0.126933
0.126918
0.127808
0.127684
0.127609
0.127753
0.126993
0.126970
0.126956
0.128055
0.127669
0.127179
0.126603
0.127146
0.127210
0.126572
0.126896
0.126669
0.126730
0.127266
0.127008
0.127002
0.127136
0.126737
0.127182
0.127213
0.127543
0.127038
0.127035
0.127191
0.127545
0.127466
0.127477
0.127270
0.127363
0.127105
0.126712
0.126977
0.128686
0.127233
0.127608
0.127735
0.127272
0.127660
0.127463
0.127121
0.127199
0.126667
0.127276
0.128366
0.128239
0.128426
0.129483
0.129456
0.128172
0.128266
0.128555
0.129160
0.127832
0.128254
0.128663
0.128241
0.127952
0.128041
0.127948
0.128341
0.130073
0.128516
0.128654
0.128546
0.128329
0.128953
0.128181
0.128544
0.128551
0.128480
0.128359
0.128167
0.128888
0.128468
0.128603
319.434506
1279.27
796.051
-237.703
413.544
701.329
1088.1
-834.653
-262.833
-1108.22
70.4068
1155.94
-445.21
419.372
1191.07
703.643
857.443
303.882
-1053.31
19.0748
-1146.18
506.653
501.481
1140.79
-487.337
977.456
619.783
86.6978
-243.283
220.542
745.361
1148.71
855.966
309.978
158.916
816.09
446.812
76.2318
-662.045
-1058.54
-148.313
-966.049
1310.55
-229.611
-673.206
-500.231
-93.6081
-489.171
143.22
-229.439
1359.68
-243.64
-1189.37
-1057.46
1027.66
83.6348
-209.886
318.312
-697.819
1321.15
1046.14
-538.777
-469.922
48.6343
1186.07
-394.852
987.374
1327.34
1127.36
-199.396
255.865
-343.258
-286.987
-1029.23
-495.418
866.331
-1088.6
772.111
252.025
-1098.62
229.835
-68.5464
-337.17
-793.151
952.864
-716.97
524.857
718.361
196.336
-1074.92
179.334
-1199.39
65.2152
87.7354
-182.615
-248.382
1370.91
31.1764
2161.93
998.707
45.3102
701.545
610.51
-137.292
764.909
-431.057
103.114
1597.42
-900.732
-1183.62
525.614
1501.13
436.83
296.123
-1668.46
-563.332
-657.938
817.478
-264.397
-212.954
-103.799
422.003
-681.959
926.148
-224.226
-850.586
-450.221
97.8002
956.341
230.684
-1199.93
141.445
-1016.1
384.456
-401.081
-0.548925
-199.46
-548.125
164.025
-149.38
-561.202
128.1
121.571
437.87
-998.063
699.598
-957.842
-127.859
-230.177
-671.674
-600.201
-972.736
-238.633
-174.371
1187.6
-179.386
-705.422
110.043
-177.845
362.426
-1326.22
-213.912
-1352.54
-530.555
-390.48
993.785
-144.249
-621.724
447.742
688.135
1924.38
450.454
872.225
1172.64
1127.13
800.089
954.067
483.656
-561.706
1167.08
237.794
14.7852
-798.655
1156.66
-813.533
-544.715
-236.419
-1911.62
-812.464
942.736
728.371
-1040.13
-325.74
1093.9
178.497
1392.96
33.3331
960.78
1286.32
-315.665
583.947
1014.53
-118.426
-494.17
773.591
153.209
-1092.55
814.406
-622.904
-833.355
-508.853
1313.21
44.4156
706.235
-34.5939
666.05
135.104
467.448
1441.42
-877.098
-513.395
20.1468
-1239.89
819.851
-442.822
-695.637
-82.222
-908.13
755.018
570.529
-331.668
602.204
-571.553
955.48
946.442
725.695
-366.005
-1267.46
-423.664
619.942
394.013
-608.657
297.133
-139.09
-294.503
-236.486
-770.594
-275.982
-332.358
-354.279
308.471
-28.867
-670.301
289.931
-979.214
933.984
1342
-1048.66
-1584.07
703.723
-579.621
373.826
-1205.32
-222.121
798.377
842.381
-530.241
36.1104
848.518
-195.034
-682.834
593.092
680.795
-522.656
183.338
-491.328
-655.656
26.8738
-54.3901
828.012
-987.615
-773.045
-808.993
-770.411
-684.562
7084.42
-504.88
-213.713
-379.184
1693.01
474.236
588.586
-669.231
663.245
1232.48
713.918
100.33
-537.095
-893.409
329.676
-218.013
-4.7705
-774.167
264.465
480.932
786.576
-164.801
-329.166
1181.39
-501.07
1031.35
-731.539
-795.241
-197.628
-534.013
-196.452
-168.563
-636.318
-384.832
823.858
-498.826
-413.35
-729.273
1.66555
-1107.83
-422.762
900.272
227.313
-83.653
265.479
858.239
835.439
-406.524
-284.11
-198.931
204.081
-1198.55
-223.68
-256.641
-339.505
-862.435
1287.85
-705.05
972.344
67.8604
-1360.9
855.332
-247.89
-551.456
937.081
-1333
250.623
-1012.94
88.6029
-427.425
1109.05
142.386
480.016
772.174
376.323
731.897
-116.341
158.164
-1179.57
-545.243
1103.41
-413.019
1267.82
-245.706
-62.5371
-194.599
-211.573
-105.787
-573.136
351.471
425.025
14.8272
-794.27
710.755
1075.64
20.5148
303.234
-289.654
-696.57
-622.34
-88.904
1239.25
882.677
-709.458
-780.274
-989.667
-173.831
-587.905
486.389
-769.802
611.199
246.464
820.559
460.307
-630.478
16.8323
1364.56
1365.46
378.947
105.204
1049.06
-9.95819
-586.425
767.939
121.079
-594.458
519.044
-2972.35
1088.44
-431.583
-1076.58
-590.288
1067.53
424.543
-912.122
311.46
630.774
1023.97
230.379
-1809.92
-1170.8
-666.518
145.672
-727.082
172.841
1305.13
-1208.31
-1741.62
-1448.3
751.179
-160.027
-210.755
-462.602
-612.606
941.501
-365.073
731.691
-275.345
-1498.68
-620.694
-350.621
1463.54
64.9218
460.806
-117.415
-50.4675
-707.006
-700.338
236.585
-822.965
326.788
-126.23
-353.668
0.149934
-450.009
483.964
615.547
256.196
-878.898
803.511
-564.831
-1126.45
-24.8458
-632.045
-1164.26
1019.2
497.465
-62.8549
-464.24
-27.6138
-970.374
1295.91
285.253
1223.61
389.565
-850.298
769.928
321.496
374.14
-1236.91
1006.23
1192.55
-335
-1301.46
-921.82
172.902
-204.568
-727.915
-502.806
83.5969
141.126
407.517
-641.34
-353.955
968.562
-1233.71
830.347
228.56
-32.5549
454.44
388.679
165.153
-4858.37
-1029.31
427.977
-571.214
-164.516
668.762
469.213
-203.779
-781.016
-270.496
-482.289
347.372
1189.94
-825.809
67.8252
-181.04
820.357
-314.303
-480.193
905.961
1201.05
-310.565
-1243.47
-1046.47
-80.8996
-304.955
-491.505
832.04
-776.882
1136.5
300.429
-507.743
404.289
-195.06
-1095.12
-336.481
386.931
832.035
1473.29
201.865
-1174.44
5.76069
1142.91
1629.24
41.3919
164.533
1108.24
1086.86
-153.412
-661.326
957.891
-1150.44
114.819
117.932
521.056
-672.421
-587.959
1082.5
144.056
1197.48
-466.23
-972.474
-242.047
-593.158
-3390.57
521.329
463.003
-515.935
-71.0474
38.5459
1163.15
-227.502
-729.829
-953.215
183.749
-550.352
1182.61
188.837
336.846
1173.45
1078.52
691.964
1074.44
1154.54
-943.82
-297.609
-757.746
-492.174
-1202.97
-1148.03
526.811
583.187
-364.655
-730.747
-1009.57
-492.731
-636.089
749.806
-177.193
356.957
401.312
-343.37
144.035
218.228
169.626
-654.657
108.602
48.5541
-1333.58
256.77
650.55
-187.074
767.578
-328.319
-82.7388
1177.32
-1119.04
424.599
204.09
-911.672
-326.088
-242.787
449.647
1337.79
-326.611
721.324
841.95
-7.03118
-1003.46
401.341
-757.569
-1349.86
-809.53
-395.341
1548.3
715.377
661.26
270.695
-1081.26
-165.081
828.162
-1307.55
563.458
-187.556
-411.256
-728.903
-364.108
-1148.47
287.189
212.315
14.2747
838.823
697.101
665.442
62.9779
564.349
1401.13
-481.827
-582.476
-585.58
-661.362
-1072.05
588.684
-1401.8
-289.772
624.117
-389.496
528.578
-204.377
-1153.04
918.212
265.358
252.647
-1133.75
441.197
-153.614
433.1
-194.75
-347.267
-410.53
456.841
-1218.38
557.359
82.5299
-1029.45
-180.592
387.533
-52.4189
855.146
-37.3643
350.831
202.33
1075.36
825.313
-1368.58
-95.1476
264.772
-481.949
-2349.57
2217.83
-546.289
-1453.53
408.699
1368.02
737.152
-732.425
1169.08
-599.203
944.356
-490.624
-414.786
142.267
830.58
-173.634
-504.97
-1176.49
-528.786
-2621.47
327.668
-633.39
-917.259
-541.399
-1054.56
860.688
-247.625
973.522
-440.736
72.4993
475.316
918.872
-813.621
249.068
-154.021
67.6349
705.053
19.5028
678.12
-655.007
-265.386
-451.143
1063.49
645.084
-1367.19
-196.451
238.904
234.014
908.539
-866.325
636.37
1224.99
-537.86
-585.389
-957.263
-471.491
275.696
1227.3
927.573
-294.223
720.024
-592.138
1467.8
1142.84
263.648
819.328
-221.112
-843.92
88.3128
985.69
582.969
-772.581
139.363
-151.829
640.448
-413.771
32.069
-1045.55
-1520.96
-588.102
-20.9832
1055.35
-948.898
1503.24
433.885
-1241.86
-755.072
-984.04
146.684
-1194.32
800.396
-638.728
388.367
268.281
335.624
-454.539
-1140.28
646.433
931.614
-698.331
573.677
613.593
-703.476
-46.2161
102.619
-637.543
-379.981
1061.57
592.716
927.938
441.275
7.22939
491.495
207.97
-671.507
320.267
541.46
-1082.7
-606.607
620.37
602.67
1239.35
-212.617
-218.032
72.823
-197.873
-953.392
-362.641
280.431
694.765
-466.74
-205.947
-71.3557
208.991
1095.49
251.43
1092.84
1144.38
-711.787
-885.273
1301.82
-930.574
12.5863
485.541
409.078
212.773
-151.317
-1225.07
-149.032
683.187
-799.768
564.533
824.29
224.885
-99.1469
876.528
121.634
-310.338
-785.365
885.032
-819.602
425.541
909.203
-822.899
-47.0743
622.492
961.604
-670.145
-1049.68
-790.838
-1373.24
901.382
-966.767
1016.51
1013.15
-698.965
-1155.43
-855.562
1428.92
-1253.34
99.444
329.852
839.975
-360.2
1014.07
-1039.25
-544.788
-336.139
985.046
-507.759
1541.33
-139.057
-552.004
517.492
-559.261
225.103
-77.1039
-294.317
-1087.86
-738.713
896.158
-296.946
426.534
-249.527
-788.107
-1179.59
477.478
129.994
-1070.87
-570.305
-1.83421
29.9125
-349.231
24.8702
1156.78
-638.288
-768.151
804.289
-288.796
591.172
-373.115
-1155.09
788.76
892.13
-1274.41
-359.471
72.4981
284.471
1027.59
-136.596
827.382
-840.323
1692.31
-983.374
-1227.24
-621.686
1236.38
-1010.67
-522.845
-503.557
-973.226
-202.368
-11.7817
-98.422
-1233.76
-659.362
-23.445
869.12
-16.0934
-677.537
-522.72
-650.048
185.755
327.295
-1145.59
706.286
88.1535
-189.422
1204.98
-369.092
-479.915
528.7
-1369.65
-200.694
449.456
-1152.9
1141.65
207.491
-953.605
68.507
516.906
-848.588
-541.446
772.717
139.018
-231.395
1123.84
1203.19
-803.191
144.287
193.253
-876.564
1212.9
-443.76
348.039
-627.603
-102.741
275.616
437.978
1159.38
388.25
208.264
-382.45
1099.72
148.741
636.462
