0.032631
0.032195
0.032322
0.032671
0.032493
0.033717
0.032497
0.032535
0.032192
0.032616
0.032140
0.032431
0.032519
0.032303
0.032277
0.033345
0.032315
0.032246
0.031959
0.032113
0.031956
0.032246
0.032064
0.032470
0.032835
0.033076
0.032457
0.032961
0.032205
0.032149
0.032288
0.032810
0.032326
0.032226
0.032034
0.032344
0.032166
0.032579
0.032390
0.032625
0.032491
0.032103
0.032440
0.032141
0.032271
0.032395
0.032099
0.032383
0.032276
0.032255
0.032449
0.032421
0.031836
0.032319
0.032066
0.032803
0.032702
0.032558
0.032064
0.032159
0.032458
0.032449
0.032367
0.032281
0.032353
0.032612
0.032494
0.032404
0.032639
0.032669
0.032310
0.032132
0.032185
0.032613
0.032072
0.031938
0.031964
0.032070
0.032048
0.032485
0.032247
0.032003
0.032217
0.032055
0.032220
0.032704
0.032349
0.032049
0.032054
0.032566
0.032220
0.032562
0.032367
0.032589
0.032390
0.032343
0.032466
0.032376
0.032245
0.032270
0.032192
0.032257
0.032377
0.032731
0.032305
0.032596
0.032436
0.032788
0.032532
0.032283
0.032171
0.032719
0.032203
0.032495
0.032538
0.032255
0.032794
0.032586
0.032335
0.032740
0.032341
0.032183
0.032210
0.032398
0.031582
0.031668
0.032289
0.031611
0.031740
0.032067
0.032291
0.031738
0.032817
0.032171
0.032045
0.031854
0.031903
0.032566
0.032538
0.032497
0.032437
0.031856
0.032470
0.032482
0.032310
0.032711
0.032474
0.032648
0.032300
0.032273
0.032355
0.031978
0.032361
0.032561
0.032683
0.032225
0.032148
0.032561
0.032077
0.032262
0.032460
0.032148
0.032636
0.032418
0.032244
0.032324
0.032390
0.032401
0.032619
0.032411
0.053412
0.032561
0.032304
0.032984
0.032380
0.032590
0.032112
0.032271
0.031938
0.031977
0.031980
0.032326
0.032298
0.032380
0.032324
0.032297
0.033163
0.032147
0.032219
0.032175
0.032678
0.032478
0.032458
0.032546
0.032286
0.032481
0.032386
0.032698
0.032179
0.032358
0.032211
0.032110
0.032072
0.032081
0.032071
0.032029
0.032420
0.032072
0.031843
0.031730
0.032227
0.032137
0.032339
0.032509
0.032303
0.031727
0.032076
0.032295
0.032090
0.032010
0.031943
0.032464
0.032505
0.032352
0.032096
0.032443
0.031792
0.032259
0.032030
0.032379
0.031901
0.032328
0.032624
0.032792
0.032523
0.032559
0.032477
0.032480
0.032738
0.032449
0.032781
0.032229
0.032214
0.032205
0.032423
0.032436
0.032561
0.032316
0.032137
0.032604
0.032710
0.032188
0.032340
0.032773
0.032548
0.032378
0.032260
0.032394
0.032467
0.032396
0.032365
0.032415
0.032400
0.032723
0.032572
0.032440
0.033008
0.032261
0.032104
0.032189
0.031996
0.032505
0.032783
0.032206
0.032610
0.032362
0.032260
0.032150
0.032157
0.032106
0.032359
0.032469
0.032443
0.032096
0.032698
0.032758
0.032127
0.032194
0.032004
0.032419
0.032223
0.032171
0.032214
0.032057
0.032103
0.032353
0.032241
0.032592
0.032595
0.032511
0.031856
0.032337
0.032355
0.031923
0.032425
0.032005
0.032213
0.032183
0.032175
0.032385
0.032402
0.032783
0.032406
0.032445
0.032346
0.032457
0.032220
0.032128
0.032419
0.032255
0.031953
0.032062
0.032187
0.032394
0.032298
0.032147
0.032633
0.032517
0.032122
0.032325
0.032277
0.032160
0.032622
0.032265
0.032446
0.032211
0.032449
0.032112
0.032128
0.032153
0.032323
0.032374
0.032374
0.032374
0.032425
0.032050
0.032102
0.032360
0.032414
0.032183
0.032395
0.032488
0.032240
0.032613
0.031984
0.032604
0.031897
0.032066
0.031899
0.031943
0.032093
0.032052
0.032423
0.032733
0.032267
0.032194
0.031912
0.032056
0.032419
0.032333
0.032125
0.032153
0.032567
0.032172
0.032165
0.032041
0.032260
0.032148
0.032134
0.032603
0.032160
0.032530
0.032182
0.031947
0.032211
0.032390
0.032324
0.032306
0.032502
0.032248
0.032443
0.031936
0.032064
0.032355
0.032504
0.032498
0.032479
0.032247
0.032650
0.032946
0.032993
0.032691
0.032639
0.032912
0.032638
0.032477
0.032343
0.032756
0.032466
0.032284
0.032568
0.032361
0.032640
0.032707
0.032259
0.032739
0.032748
0.032852
0.032819
0.032473
0.032739
0.032794
0.032708
0.032763
0.032681
0.032573
0.032485
0.032359
0.032891
0.032698
0.032456
0.032564
0.032869
0.032310
0.032588
0.032628
0.032892
0.032537
0.032788
0.032500
0.032900
0.032196
0.032452
0.032452
0.032454
0.032771
0.032507
0.032592
0.032661
0.032745
0.032759
0.032473
0.032622
0.032473
0.032224
0.032519
0.032485
0.032382
0.032264
0.032775
0.032778
0.032143
0.032228
0.032541
0.032352
0.032467
0.032444
0.032539
0.032264
0.032523
0.032437
0.032226
0.032322
0.032384
0.032638
0.032778
0.032440
0.032717
0.032335
0.032431
0.032690
0.032351
0.032577
0.032742
0.032687
0.032851
0.032384
0.032956
0.032621
0.032790
0.032799
0.032727
0.033598
0.033451
0.032554
0.032457
0.032407
0.032405
0.032721
0.032476
0.032572
0.032665
0.032660
0.032610
0.032550
0.032458
0.032427
0.032325
0.032582
0.032279
0.032631
0.032708
0.032544
0.031876
0.032631
0.032296
0.032485
0.032256
0.032348
0.032771
0.032436
0.032984
0.032829
0.032529
0.032830
0.032565
0.032712
0.032813
0.032674
0.032839
0.033085
0.033200
0.032518
0.032709
0.032779
0.032684
0.032928
0.033205
0.033049
0.032819
0.032635
0.032847
0.032400
0.032704
0.032465
0.033067
0.033394
0.032920
0.032674
0.032887
0.032742
0.032683
0.032853
0.032583
0.032498
0.032320
0.032681
0.032617
0.032625
0.032726
0.032631
0.032411
0.032322
0.032341
0.032358
0.033145
0.032605
0.032511
0.032830
0.032794
0.032770
0.032527
0.032688
0.033176
0.033348
0.032882
0.032716
0.032630
0.032654
0.032247
0.032505
0.032512
0.032475
0.032730
0.032303
0.032858
0.033143
0.032195
0.032243
0.032289
0.032427
0.032480
0.032312
0.032439
0.032192
0.032117
0.032267
0.031963
0.032179
0.032095
0.032269
0.032320
0.032285
0.032119
0.032346
0.032335
0.032430
0.032398
0.032800
0.032327
0.032912
0.032457
0.032515
0.032218
0.032348
0.032755
0.032541
0.032221
0.032264
0.032139
0.032441
0.032793
0.032713
0.032218
0.032447
0.032480
0.032729
0.032464
0.032692
0.032301
0.032569
0.032691
0.033094
0.032090
0.032237
0.032485
0.032308
0.032211
0.032415
0.032430
0.032250
0.032438
0.032690
0.032065
0.032359
0.032235
0.032276
0.032770
0.032453
0.032478
0.032601
0.032437
0.032035
0.032835
0.032725
0.032747
0.032723
0.032673
0.032629
0.032824
0.032626
0.032913
0.033073
0.032499
0.032379
0.032699
0.032134
0.033033
0.032686
0.032535
0.032562
0.032650
0.032754
0.032701
0.032707
0.032221
0.032219
0.032783
0.032354
0.032225
0.032692
0.032535
0.032451
0.032420
0.032436
0.032437
0.032265
0.032344
0.032636
0.032791
0.032750
0.032769
0.032893
0.032551
0.032238
0.032639
0.032914
0.032717
0.032359
0.032824
0.032099
0.032326
0.032537
0.032532
0.032714
0.032796
0.032635
0.032472
0.032445
0.032550
0.032485
0.031988
0.032314
0.032650
0.032596
0.032267
0.032691
0.032681
0.032500
0.032565
0.033033
0.032610
0.033248
0.032732
0.032695
0.032161
0.032829
0.032331
0.032376
0.032654
0.032445
0.032711
0.032341
0.032627
0.032420
0.032837
0.032575
0.032209
0.032438
0.032187
0.032506
0.032291
0.032373
0.032819
0.032670
0.032582
0.032587
0.032652
0.032583
0.032075
0.032348
0.032605
0.032088
0.032326
0.032402
0.032535
0.032415
0.032472
0.032307
0.032410
0.032377
0.032667
0.032554
0.032145
0.032601
0.033000
0.032186
0.032722
0.032780
0.032503
0.032522
0.032806
0.032406
0.032359
0.032405
0.032529
0.032236
0.032307
0.032017
0.032308
0.032605
0.032717
0.032490
0.033000
0.032661
0.032748
0.032306
0.032972
0.032246
0.032710
0.032653
0.032570
0.032459
0.032413
0.032336
0.032873
0.032297
0.032350
0.032409
0.032308
0.032064
0.032393
0.032114
0.032268
0.032626
0.032513
0.032334
0.032391
0.032586
0.032614
0.032777
0.032572
0.032258
0.032261
0.032227
0.032118
0.032527
0.032912
0.033052
0.032630
0.032368
0.032587
0.032435
0.032469
0.032864
0.032503
0.032625
0.032680
0.032295
0.032563
0.032215
0.032372
0.032329
0.032840
0.032447
0.032729
0.032162
0.032178
0.032363
0.032361
0.032418
0.032417
0.032262
0.032393
0.032324
0.032203
0.032072
0.032547
0.032736
0.032512
0.032377
0.032760
0.032546
0.032349
0.032661
0.032248
0.032651
0.032478
0.032378
0.032550
0.032676
0.032176
0.032559
0.032542
0.032310
0.032380
0.032583
0.032496
0.032313
0.032218
0.032242
0.032463
0.032435
0.032343
0.032773
0.033193
0.033383
0.033082
0.033188
0.033072
0.033283
0.033042
0.033150
0.033192
0.033165
0.033019
0.033218
0.033402
0.033158
0.033218
0.033215
0.033364
0.032870
0.033167
0.033193
0.033316
0.032997
0.033471
0.033271
0.033072
0.033302
0.033346
0.033219
0.033141
0.033139
0.033342
0.033226
0.032697
0.033159
0.033148
0.033489
0.033256
0.033320
0.033459
0.033592
0.033451
0.033371
0.033350
0.033455
0.033132
0.033550
0.033457
0.032852
0.032987
0.032909
0.033167
0.033033
0.032677
0.032509
0.032870
0.032054
0.032182
0.032231
0.032158
0.032768
0.032118
0.032694
0.032556
0.032291
0.032390
0.032366
0.032507
0.032222
0.032348
0.032599
0.032587
0.032394
0.032140
0.032575
0.032596
0.032552
0.032618
0.032381
0.032440
0.032411
0.032624
0.032585
0.032598
0.032627
0.032243
0.032335
0.032396
0.032586
0.032658
0.032708
0.032473
0.032382
0.032356
0.032828
0.032157
0.032217
0.032540
0.033042
0.032480
0.032677
0.032445
0.032809
0.032639
0.032539
0.032964
0.033537
0.032520
0.032394
0.032609
0.032215
0.032697
0.032583
0.032506
0.032529
0.032273
0.032558
0.032236
0.032055
0.032497
0.032429
0.032115
0.032297
0.032092
0.032074
0.032238
0.032188
0.032204
0.032310
0.032132
0.032528
0.032553
0.032110
0.032802
0.032228
0.032248
0.032367
0.032160
0.032475
0.032508
0.032636
0.032546
0.032098
0.032299
0.032178
0.032604
0.032002
0.032603
0.032989
0.032363
0.032088
0.032349
0.033086
0.033665
0.032748
0.032302
0.032014
0.032006
0.032574
0.032349
0.032120
0.032574
0.032289
0.032255
0.032223
0.032079
0.032367
0.032192
0.033679
0.031927
0.032246
0.032288
0.032104
0.032300
0.032179
0.032233
0.032198
0.032380
0.032434
0.032638
0.032598
0.032529
0.032218
0.032326
0.032129
0.032518
0.032761
0.032506
0.032692
0.032340
0.032528
0.032386
0.032590
0.032076
0.032201
0.032344
0.032225
0.032153
0.032072
0.032001
0.032156
0.032414
0.032983
0.032735
0.032433
0.032550
0.033026
0.032417
0.032666
0.032273
0.032993
0.032577
0.032301
0.032278
0.032449
0.032419
0.032322
0.032033
0.031929
0.032423
0.032382
0.032172
0.032812
0.032323
0.032621
0.032438
0.032440
0.032523
0.032907
0.032674
0.032259
0.032495
0.032395
0.032349
0.032260
0.032299
0.032200
0.031983
0.032099
0.032199
0.032250
0.082348
0.032784
0.032395
0.032712
0.032820
0.032522
0.032236
0.032468
0.032417
0.032427
0.032248
0.032063
0.032290
0.032359
0.032425
0.032550
0.032319
0.032193
0.032498
0.032711
0.032233
0.032551
0.032284
0.032054
0.032390
0.032276
0.032720
0.032843
0.032368
0.032769
0.032521
0.032441
0.032186
0.032367
0.032390
0.032050
0.032173
0.031950
0.032295
0.032319
0.032042
0.032190
0.032381
0.032403
0.032351
0.032614
0.032523
0.032586
0.032772
0.032416
0.032014
0.032519
0.032453
0.032096
0.032292
0.032104
0.032315
0.032565
0.032185
0.032367
0.032673
0.032295
0.032151
0.032160
0.032458
0.032798
0.032982
0.032790
0.032653
0.032236
0.032056
0.032417
0.032204
0.032291
0.032190
0.032260
0.032159
0.032313
0.032316
0.032227
0.032974
0.032753
0.032281
0.032415
0.033085
0.032712
0.032688
0.032520
0.031792
0.032288
0.032519
0.032836
0.032987
0.032704
0.032860
0.032615
0.032991
0.032308
0.031982
0.032239
0.032175
0.032326
0.032370
0.031874
0.031843
0.031910
0.032256
0.032701
0.032144
0.032398
0.032450
0.032541
0.032685
0.032559
0.032078
0.032424
0.032351
0.032225
0.032401
0.032370
0.032175
0.032576
0.032316
0.032461
0.032738
0.032995
0.032871
0.032753
0.033036
0.033081
0.032972
0.033329
0.033110
0.033377
0.033325
0.033211
0.033239
0.033157
0.032990
0.033188
0.033089
0.033254
0.033330
0.033480
0.033247
0.033304
0.033189
0.033326
0.033037
0.032938
0.033333
0.033430
0.033440
0.033075
0.033284
0.033253
0.033450
0.033044
0.033106
0.033130
0.033158
0.033489
0.033505
0.033342
0.033284
0.033370
0.033336
0.033182
0.033128
0.033293
0.033247
0.033166
0.032859
0.033267
0.033063
0.033504
0.033219
0.033138
0.033484
0.033291
0.033432
0.033035
0.033156
0.033089
0.032980
0.033341
0.033128
0.033206
0.033109
0.033361
0.033147
0.033387
0.033323
0.033150
0.033157
0.033418
0.033275
0.033184
0.033245
0.032738
0.033602
0.033106
0.032880
0.033015
0.033140
0.033155
0.033405
0.033259
0.033343
0.033201
0.033305
0.033540
0.033033
0.033396
0.033497
0.033211
0.033033
0.033361
0.033081
0.033674
0.033119
0.032590
0.033436
0.033438
0.033235
0.033330
0.033012
0.032583
0.033285
0.033225
0.033249
0.033179
0.033027
0.033301
0.033374
0.033517
0.033133
0.033441
0.033175
0.033069
0.033367
0.033347
0.033441
0.033212
0.032967
0.033237
0.033170
0.032791
0.033328
0.033098
0.033385
0.033428
0.033206
0.033133
0.033228
0.033420
0.033659
0.033446
0.033342
0.033257
0.033346
0.033135
0.033516
0.033046
0.033191
0.033425
0.033354
0.033352
0.033183
0.033488
0.033113
0.033106
0.033455
0.033443
0.033254
0.033439
0.033129
0.033336
0.033793
0.033206
0.033120
0.033205
0.033112
0.033731
0.033268
0.033279
0.033494
0.033276
0.033162
0.033512
0.033336
0.033240
0.033172
0.033479
0.033250
0.033258
0.033227
0.033253
0.033237
0.033084
0.033196
0.033042
0.033382
0.032986
0.033379
0.033393
0.033387
0.033062
0.033041
0.033069
0.033062
0.033270
0.033129
0.033311
0.033314
0.033317
0.033138
0.033223
0.033235
0.033211
0.033428
0.033370
0.033004
0.032946
0.032960
0.033232
0.033428
0.033182
0.033069
0.032849
0.033202
0.033311
0.033569
0.033412
0.033278
0.033255
0.033180
0.033321
0.033042
0.033106
0.033185
0.033217
0.033030
0.033314
0.032980
0.033498
0.033318
0.033367
0.033065
0.033440
0.033050
0.033081
0.032949
0.033187
0.033018
0.033272
0.033599
0.033367
0.033239
0.033139
0.033568
0.033253
0.033379
0.033368
0.032995
0.033186
0.033452
0.033337
0.033124
0.033066
0.033274
0.033358
0.033667
0.033560
0.033116
0.033137
0.033279
0.033818
0.033632
0.033323
0.033365
0.033502
0.033027
0.033340
0.033158
0.033331
0.033347
0.033041
0.033435
0.033258
0.033331
0.032980
0.033197
0.033267
0.033020
0.033343
0.033250
0.032859
0.033213
0.033427
0.033086
0.032687
0.032416
0.032171
0.032136
0.032598
0.032202
0.032634
0.032602
0.032403
0.032794
0.032584
0.032411
0.032267
0.032365
0.032578
0.032108
0.032204
0.032403
0.032425
0.032265
0.032378
0.031998
0.032347
0.032393
0.032461
0.032385
0.032172
0.032684
0.032314
0.032489
0.032440
0.032661
0.032597
0.032598
0.032854
0.032352
0.032095
0.032472
0.032402
0.032270
0.032511
0.033012
0.032512
0.031889
0.031928
0.032415
0.032283
0.031970
0.032249
0.031871
0.032196
0.032360
0.032128
0.032265
0.032039
0.032648
0.032435
0.032420
0.032359
0.032446
0.032419
0.032279
0.032811
0.032540
0.032530
0.032540
0.032759
0.032311
0.032336
0.032463
0.032498
0.032235
0.032082
0.032159
0.032325
0.032043
0.032239
0.032602
0.032519
0.032213
0.032450
0.032000
0.032035
0.032157
0.032304
0.032453
0.032312
0.032434
0.032343
0.032708
0.032281
0.032278
0.032215
0.032576
0.032189
0.033108
0.032183
0.032206
0.033411
0.032058
0.032629
0.032552
0.032285
0.032021
0.032646
0.032297
0.032839
0.032544
0.032494
0.032638
0.033049
0.032520
0.032654
0.032894
0.032441
0.032780
0.032877
0.032644
0.032990
0.032560
0.032405
0.032701
0.032308
0.032338
0.032382
0.032236
0.032248
0.032435
0.032971
0.032519
0.032364
0.032622
0.032365
0.032826
0.032807
0.032533
0.032540
0.032333
0.032785
0.032330
0.032545
0.032460
0.032478
0.032715
0.032551
0.032727
0.032661
0.032696
0.032730
0.032475
0.032727
0.032570
0.032496
0.032345
0.032423
0.032771
0.032855
0.033046
0.032941
0.033020
0.032792
0.032244
0.032752
0.032805
0.032498
0.032997
0.032705
0.032660
0.032814
0.032318
0.032078
0.032262
0.031814
0.031993
0.032421
0.032294
0.032835
0.032540
0.032576
0.032797
0.032857
0.032247
0.032487
0.032794
0.032787
0.032830
0.032778
0.032893
0.032980
0.033058
0.032580
0.032239
0.032356
0.032228
0.032170
0.032132
0.032293
0.032186
0.032012
0.032162
0.032348
0.032199
0.032075
0.032569
0.032724
0.032177
0.032297
0.032118
0.031863
0.032314
0.032977
0.032317
0.032349
0.032516
0.032213
0.032608
0.032539
0.032696
0.032375
0.032355
0.032357
0.032543
0.032660
0.032651
0.032679
0.032965
0.032602
0.032398
0.032975
0.032353
0.032608
0.032955
0.032445
0.032088
0.032475
0.032644
0.032369
0.032365
0.032479
0.032467
0.032402
0.032627
0.032470
0.032563
0.032626
0.032476
0.032431
0.032529
0.032556
0.032653
0.032455
0.032588
0.032251
0.032466
0.032354
0.032275
0.032667
0.032168
0.032573
0.032751
0.032292
0.032269
0.032585
0.032322
0.032139
0.032259
0.031976
0.032285
0.032391
0.032405
0.032400
0.032467
0.032284
0.032506
0.032631
0.032548
0.032312
0.032459
0.032621
0.031999
0.032352
0.032453
0.032552
0.032558
0.033339
0.032826
0.032605
0.032309
0.032858
0.032575
0.032674
0.032488
0.032508
0.032776
0.032723
0.033162
0.032676
0.032651
0.032386
0.032729
0.032500
0.032233
0.032333
0.032265
0.032403
0.032372
0.032298
0.033388
0.032277
0.032374
0.032833
0.032282
0.032154
0.032162
0.032362
0.032084
0.032160
0.032086
0.032304
0.031956
0.032031
0.032453
0.032660
0.032233
0.032485
0.032884
0.032963
0.033626
0.032205
0.032312
0.032580
0.032916
0.032184
0.032416
0.032595
0.031967
0.032179
0.032736
0.032567
0.032435
0.032266
0.032568
0.032691
0.032409
0.032344
0.032306
0.032584
0.032316
0.032336
0.032730
0.032584
0.032964
0.032549
0.032965
0.032380
0.032723
0.032338
0.032410
0.032337
0.032227
0.032362
0.032250
0.032165
0.032342
0.032860
0.032640
0.032319
0.032426
0.032016
0.032165
0.032303
0.032337
0.032400
0.032421
0.032436
0.032584
0.032444
0.032200
0.032324
0.035835
0.032853
0.032967
0.033022
0.032590
0.032782
0.032737
0.032948
0.032771
0.032577
0.031930
0.032605
0.032513
0.032833
0.032672
0.032565
0.032601
0.032088
0.032653
0.032503
0.032347
0.032397
0.032678
0.032903
0.032828
0.032486
0.032238
0.032438
0.032893
0.032606
0.032592
0.032517
0.032341
0.032323
0.032839
0.032587
0.033233
0.032734
0.032661
0.032745
0.032401
0.032822
0.032719
0.032868
0.033032
0.032595
0.033062
0.032776
0.033138
0.032865
0.032835
0.033105
0.033534
0.033426
0.033160
0.033829
0.033744
0.033366
0.033063
0.032916
0.033017
0.033299
0.032567
0.033133
0.032829
0.032472
0.032438
0.032268
0.032378
0.032332
0.032542
0.032075
0.032258
0.032219
0.032240
0.032374
0.032379
0.032702
0.032301
0.032362
0.032728
0.032228
0.032298
0.032716
0.032205
0.032266
0.032475
0.032354
0.032074
0.032417
0.032385
0.032102
0.032261
0.032343
0.032225
0.032211
0.032273
0.032384
0.032159
0.032455
0.032582
0.032666
0.033044
0.033075
0.032487
0.032449
0.032698
0.032675
0.032805
0.032937
0.032466
0.032841
0.032421
0.032671
0.032658
0.032702
0.032503
0.032572
0.033050
0.032829
0.032118
0.032224
0.031944
0.032283
0.032385
0.032560
0.032437
0.032487
0.032399
0.032612
0.032328
0.032315
0.032194
0.032426
0.032503
0.032491
0.032643
0.032600
0.032539
0.032244
0.032422
0.032348
0.032604
0.031973
0.032246
0.032467
0.032626
0.032138
0.032556
0.032397
0.032334
0.032350
0.032671
0.032403
0.032378
0.032533
0.032714
0.032555
0.032912
0.032218
0.032541
0.032562
0.032331
0.032270
0.032682
0.032580
0.032785
0.032591
0.032553
0.032659
0.032426
0.032595
0.032617
0.032748
0.033026
0.032736
0.032462
0.032855
0.032949
0.032827
0.032506
0.032737
0.032593
0.032002
0.032061
0.032339
0.032571
0.032700
0.032510
0.032500
0.032871
0.032634
0.032389
0.032360
0.032335
0.032830
0.032760
0.032464
0.032226
0.032267
0.032363
0.032328
0.032258
0.032079
0.032247
0.032553
0.032433
0.032282
0.032589
0.032099
0.032353
0.032500
0.032191
0.032255
0.032548
0.032570
0.032321
0.032487
0.032072
0.032020
0.032170
0.032440
0.032388
0.032302
0.032273
0.032342
0.032489
0.032460
0.032192
0.032803
0.032205
0.032281
0.032165
0.032730
0.032292
0.032253
0.032146
0.032350
0.032509
0.031981
0.032776
0.032671
0.032334
0.032465
0.032633
0.032750
0.031958
0.032731
0.032481
0.032789
0.032323
0.032613
0.032401
0.032348
0.032575
0.032554
0.032418
0.032446
0.032603
0.032337
0.032416
0.032547
0.032501
0.032253
0.032479
0.032418
0.032353
0.032124
0.032398
0.032325
0.032437
0.031926
0.032521
0.032098
0.032470
0.032153
0.032279
0.032328
0.032457
0.032267
0.032338
0.032274
0.032380
0.032331
0.032286
0.032658
0.031952
0.032085
0.032422
0.032406
0.032343
0.032214
0.032232
0.032246
0.032029
0.032235
0.032465
0.032093
0.032353
0.032493
0.032319
0.032521
0.032033
0.032486
0.032627
0.032865
0.032275
0.035828
0.033598
0.035181
0.032615
0.032497
0.032286
0.032066
0.032606
0.032745
0.032448
0.032228
0.032570
0.032529
0.032314
0.032761
0.032389
0.032763
0.032273
0.032707
0.033118
0.033338
0.032742
0.032549
0.032764
0.032783
0.033113
0.033107
0.033292
0.033341
0.033210
0.033142
0.033116
0.033088
0.033028
0.033246
0.033088
0.033474
0.033106
0.033013
0.033472
0.033495
0.033395
0.033044
0.033255
0.032858
0.033473
0.033300
0.033337
0.033229
0.033088
0.033281
0.033528
0.033771
0.033296
0.033318
0.033067
0.033628
0.033274
0.033485
0.033383
0.033445
0.033230
0.033370
0.033331
0.032819
0.033368
0.033405
0.033498
0.033391
0.033366
0.033435
0.032997
0.033348
0.033552
0.033328
0.033621
0.033315
0.032833
0.033331
0.033335
0.033285
0.033291
0.033277
0.033060
0.033689
0.033358
0.033343
0.033367
0.033699
0.032771
0.033138
0.032951
0.033421
0.033024
0.033541
0.033474
0.033174
0.033329
0.032968
0.033382
0.033275
0.033044
0.033321
0.033567
0.033240
0.033610
0.033588
0.033504
0.033553
0.033172
0.033455
0.033471
0.033417
0.033609
0.033111
0.033284
0.033276
0.033200
0.033125
0.033401
0.033456
0.033585
0.033327
0.033323
0.033403
0.033404
0.033036
0.033637
0.033291
0.033205
0.033064
0.033395
0.033166
0.033474
0.033383
0.033400
0.033556
0.032989
0.033291
0.033133
0.033026
0.033036
0.033205
0.033347
0.033299
0.033339
0.033274
0.033028
0.033261
0.033057
0.032946
0.032770
0.032997
0.033074
0.033283
0.033153
0.033134
0.033043
0.033298
0.033563
0.033270
0.033441
0.033417
0.033620
0.033192
0.033192
0.033412
0.033270
0.033236
0.033049
0.033109
0.033097
0.033156
0.033316
0.033213
0.032982
0.033086
0.033434
0.033315
0.033336
0.032959
0.033071
0.033211
0.033273
0.033126
0.033291
0.033310
0.032798
0.033306
0.033265
0.033422
0.033426
0.033035
0.033011
0.032218
0.032532
0.032417
0.032186
0.031801
0.032223
0.031939
0.032051
0.032218
0.032462
0.032141
0.032125
0.031635
0.032142
0.032394
0.031882
0.032157
0.032621
0.032804
0.033039
0.032187
0.032798
0.032788
0.032619
0.032980
0.032088
0.032018
0.032290
0.032826
0.033018
0.032227
0.032141
0.031906
0.032101
0.032202
0.032149
0.031973
0.032048
0.032113
0.032042
0.032343
0.031868
0.032093
0.032100
0.032144
0.032342
0.032661
0.032916
0.032431
0.032747
0.032872
0.032545
0.032209
0.032486
0.032326
0.032132
0.032548
0.032314
0.032383
0.032739
0.032162
0.032634
0.032335
0.032778
0.032541
0.032458
0.031823
0.032033
0.032375
0.032358
0.032422
0.032779
0.032747
0.031996
0.032288
0.032296
0.032115
0.032375
0.032347
0.032777
0.031830
0.032355
0.031965
0.032227
0.032021
0.032265
0.032048
0.032323
0.032162
0.032456
0.031847
0.032344
0.032221
0.031859
0.032313
0.032616
0.032737
0.032593
0.032829
0.032338
0.032157
0.032080
0.031969
0.032470
81.925208
