0.134280
0.133639
0.133250
0.132795
0.132954
0.132734
0.133177
0.132395
0.132103
0.131969
0.131237
0.130832
0.129375
0.128022
0.126786
0.126219
0.124757
0.123438
0.121620
0.120904
0.119631
0.118478
0.116786
0.115457
0.114827
0.113808
0.112475
0.111922
0.110814
0.110099
0.108623
0.107813
0.106984
0.106333
0.105243
0.104619
0.103716
0.102905
0.102272
0.101757
0.101345
0.100282
0.099530
0.099051
0.098519
0.097698
0.096954
0.096218
0.095387
0.094914
0.094629
0.093316
0.092487
0.092276
0.091859
0.091208
0.090613
0.090127
0.089426
0.089160
0.088666
0.087521
0.087415
0.086829
0.086196
0.085952
0.085492
0.084779
0.084535
0.083884
0.083309
0.082939
0.082995
0.083054
0.082515
0.081355
0.081163
0.080605
0.080306
0.079856
0.079489
0.078749
0.078714
0.078475
0.078193
0.077776
0.077146
0.076809
0.076046
0.076068
0.075823
0.075392
0.075192
0.074928
0.074403
0.074302
0.074182
0.073816
0.073449
0.073046
0.072934
0.072552
0.072015
0.071585
0.071722
0.071244
0.071019
0.070583
0.070230
0.069963
0.069988
0.069702
0.069463
0.069215
0.069114
0.068791
0.068643
0.068262
0.067829
0.067504
0.067267
0.067161
0.067025
0.066652
0.066494
0.066380
0.066241
0.065743
0.065425
0.065490
0.065172
0.064884
0.064664
0.064522
0.064416
0.064245
0.064032
0.063683
0.063606
0.063414
0.063246
0.063024
0.062705
0.062577
0.062449
0.062110
0.062301
0.061856
0.061765
0.061255
0.061237
0.060982
0.060812
0.060462
0.060162
0.060121
0.059795
0.059758
0.059706
0.059429
0.059500
0.059419
0.059083
0.058957
0.058974
0.058600
0.058533
0.058561
0.057937
0.058281
0.058075
0.057682
0.057673
0.057554
0.057391
0.057339
0.057262
0.056990
0.056848
0.056825
0.056767
0.056329
0.056514
0.056184
0.056261
0.056050
0.056066
0.056397
0.055716
0.055315
0.055305
0.055252
0.054857
0.054760
0.054584
0.054587
0.054250
0.054266
0.054368
0.054269
0.054007
0.054061
0.053780
0.053730
0.053527
0.053374
0.053422
0.053095
0.053246
0.053019
0.053468
0.052669
0.052833
0.052550
0.052427
0.052362
0.052142
0.051941
0.051873
0.051660
0.051597
0.051416
0.051303
0.051254
0.051245
0.051275
0.051290
0.051179
0.051146
0.050907
0.050871
0.050725
0.050764
0.050548
0.050517
0.050521
0.050434
0.050347
0.050171
0.050259
0.050253
0.050003
0.049962
0.049820
0.049671
0.049439
0.049351
0.049224
0.048946
0.048799
0.049061
0.048996
0.049053
0.048613
0.048703
0.048518
0.048416
0.048351
0.048118
0.048074
0.047999
0.048108
0.048120
0.047999
0.047755
0.048889
0.047808
0.047746
0.047718
0.047219
0.047058
0.047200
0.046974
0.046909
0.046864
0.046986
0.046819
0.046562
0.046624
0.047412
0.046895
0.046573
0.046469
0.046368
0.046371
0.046238
0.046208
0.046037
0.046177
0.045845
0.045915
0.045784
0.045756
0.045649
0.045662
0.045652
0.045516
0.045499
0.045372
0.045323
0.045279
0.045169
0.044931
0.044996
0.044907
0.044984
0.044610
0.044583
0.044459
0.044412
0.044357
0.044600
0.044679
0.044678
0.044529
0.044516
0.044179
0.044077
0.044088
0.043988
0.044019
0.044128
0.044045
0.043878
0.043943
0.044043
0.045162
0.043803
0.043691
0.043538
0.043665
0.042905
0.043161
0.043242
0.043134
0.043151
0.043041
0.043060
0.042895
0.042764
0.042922
0.042953
0.042878
0.044117
0.042601
0.042810
0.043101
0.042417
0.042524
0.042339
0.042385
0.042362
0.042238
0.042380
0.041998
0.042050
0.042065
0.041932
0.042010
0.041812
0.041998
0.041850
0.041769
0.041766
0.041699
0.041788
0.041579
0.041486
0.041508
0.041638
0.041526
0.041350
0.041211
0.040998
0.041073
0.041071
0.040851
0.041185
0.040992
0.041014
0.040974
0.040889
0.040864
0.040729
0.040742
0.040621
0.040680
0.040656
0.040389
0.040595
0.040598
0.040473
0.040521
0.040435
0.040281
0.040334
0.040145
0.040245
0.040177
0.039564
0.040127
0.040032
0.040043
0.039999
0.039833
0.039915
0.039274
0.039743
0.039534
0.039607
0.039555
0.039573
0.039585
0.039590
0.039619
0.039636
0.039517
0.039383
0.039314
0.039232
0.039324
0.039204
0.039271
0.039266
0.039143
0.039085
0.039007
0.038953
0.038963
0.038752
0.038677
0.038666
0.038686
0.038675
0.039134
0.038670
0.038689
0.038604
0.038608
0.038645
0.038619
0.038563
0.038512
0.038301
0.038411
0.038165
0.038123
0.038108
0.038013
0.038076
0.037993
0.038050
0.039059
0.037888
0.037836
0.037887
0.037814
0.037792
0.037752
0.037640
0.037680
0.037652
0.037508
0.037597
0.037602
0.037682
0.037608
0.037593
0.037616
0.037454
0.037531
0.037345
0.037327
0.037197
0.037180
0.037359
0.037105
0.037000
0.036870
0.036856
0.036828
0.036824
0.037318
0.036948
0.036914
0.036936
0.036849
0.036835
0.036842
0.036816
0.036796
0.036636
0.036726
0.036563
0.036582
0.036604
0.036699
0.036629
0.036588
0.036675
0.036729
0.036630
0.036391
0.036400
0.036387
0.036388
0.036309
0.036267
0.036214
0.036183
0.036126
0.036077
0.035788
0.036098
0.036228
0.036254
0.035959
0.035944
0.035946
0.035772
0.035891
0.036056
0.036930
0.035966
0.036198
0.035737
0.035609
0.035588
0.035512
0.035475
0.035495
0.035373
0.035418
0.035354
0.035569
0.035387
0.035351
0.035316
0.035385
0.035249
0.035335
0.035225
0.035125
0.035173
0.035195
0.035051
0.035782
0.034980
0.034908
0.034925
0.034945
0.034776
0.034756
0.034741
0.034954
0.034915
0.034792
0.034793
0.034681
0.034782
0.034705
0.034653
0.034631
0.034655
0.034596
0.034635
0.034554
0.034500
0.034395
0.034376
0.034436
0.034323
0.034352
0.034374
0.034219
0.034294
0.034252
0.034129
0.034208
0.034072
0.034109
0.034110
0.034189
0.034218
0.034096
0.034188
0.034085
0.033999
0.034051
0.033939
0.033969
0.033907
0.033828
0.033883
0.033855
0.033871
0.033628
0.034121
0.033782
0.033678
0.033729
0.033601
0.033693
0.033553
0.033515
0.033635
0.033623
0.033550
0.033604
0.033466
0.033551
0.033402
0.033361
0.033419
0.033343
0.033351
0.033395
0.033294
0.033355
0.033334
0.033445
0.033348
0.033377
0.033422
0.034050
0.033227
0.033209
0.033216
0.033163
0.033240
0.033504
0.033261
0.033093
0.033168
0.033033
0.033164
0.033108
0.033054
0.033034
0.032957
0.032919
0.032872
0.032926
0.032884
0.032886
0.032896
0.032840
0.032863
0.032857
0.032808
0.032900
0.032692
0.032708
0.032716
0.032672
0.032708
0.032573
0.032784
0.032504
0.032653
0.032567
0.032370
0.032344
0.032361
0.032388
0.032563
0.032437
0.032447
0.032476
0.032389
0.032360
0.032313
0.032183
0.032144
0.032166
0.032162
0.032076
0.032256
0.032150
0.032133
0.032158
0.031968
0.032050
0.032066
0.032040
0.032082
0.032005
0.032344
0.031988
0.031961
0.031971
0.031898
0.031877
0.031901
0.032035
0.031931
0.031731
0.031817
0.031756
0.031704
0.031758
0.031861
0.031789
0.032423
0.031736
0.031701
0.031714
0.031701
0.031686
0.031680
0.031665
0.031658
0.031653
0.031697
0.031594
0.031648
0.031560
0.031549
0.031482
0.031443
0.031506
0.031426
0.031428
0.031274
0.031288
0.031312
0.031257
0.031262
0.031311
0.031272
0.031300
0.031236
0.031253
0.031104
0.031221
0.031158
0.031147
0.031057
0.031081
0.031039
0.031044
0.031105
0.031060
0.031090
0.031033
0.031101
0.031009
0.030938
0.031014
0.030926
0.030990
0.030834
0.030865
0.030903
0.030825
0.030917
0.030758
0.030805
0.031454
0.030755
0.030788
0.030749
0.030709
0.030605
0.030565
0.030671
0.030656
0.030923
0.030650
0.030599
0.030665
0.030593
0.030609
0.030536
0.030597
0.030518
0.030680
0.030619
0.030651
0.030584
0.030673
0.030385
0.030423
0.030372
0.030324
0.030419
0.030360
0.030331
0.030376
0.030238
0.030255
0.030250
0.030201
0.030169
0.030220
0.030245
0.030234
0.030241
0.030305
0.030279
0.030340
0.030324
0.030258
0.030259
0.030095
0.030067
0.030008
0.030040
0.030112
0.030022
0.030057
0.029899
0.029843
0.029812
0.029844
0.029873
0.030046
0.030026
0.030043
0.030007
0.030104
0.029918
0.029894
0.029905
0.029893
0.029926
0.029944
0.029868
0.029813
0.029766
0.029788
0.029785
0.029856
0.029764
0.030624
0.029909
0.029856
0.029781
0.029784
0.029815
0.029814
0.029779
0.029767
0.029695
0.029707
0.029760
0.029712
0.029663
0.029683
0.029674
0.029600
0.029476
0.029461
0.029458
0.029388
0.029469
0.029687
0.029368
0.029345
0.029347
0.029408
0.029301
0.029336
0.029383
0.029326
0.029426
0.029454
0.029357
0.029365
0.029365
0.029379
0.029263
0.029173
0.029239
0.029161
0.029159
0.029160
0.029168
0.029118
0.029129
0.029173
0.029110
0.029086
0.029033
0.029009
0.029055
0.029046
0.029067
0.029043
0.029006
0.029044
0.028996
0.029002
0.029076
0.029144
0.029080
0.028972
0.028935
0.028909
0.028907
0.028951
0.028907
0.028846
0.028907
0.028870
0.028897
0.028854
0.028807
0.028807
0.028801
0.028820
0.028860
0.028868
0.029035
0.028738
0.028830
0.028637
0.028699
0.028701
0.028848
0.029065
0.028623
0.028614
0.028574
0.028623
0.028613
0.028530
0.028620
0.028515
0.028536
0.028573
0.028551
0.028526
0.028496
0.028558
0.028522
0.028516
0.028453
0.028643
0.028455
0.028494
0.028436
0.028423
0.028802
0.028401
0.028424
0.028403
0.028300
0.028329
0.028283
0.028340
0.028327
0.028291
0.028282
0.028252
0.028314
0.028198
0.028223
0.028193
0.028118
0.028104
0.028221
0.028201
0.028781
0.028214
0.028294
0.028950
0.028186
0.028103
0.028159
0.028105
0.028032
0.027967
0.028021
0.028006
0.028020
0.027943
0.028063
0.028012
0.028044
0.027986
0.027840
0.027862
0.027813
0.027808
0.027856
0.027834
0.027770
0.027860
0.027887
0.027914
0.027934
0.027967
0.027955
0.027878
0.027811
0.027788
0.027797
0.027730
0.027853
0.027771
0.027814
0.027833
0.027845
0.027842
0.027813
0.027842
0.027780
0.027802
0.027712
0.027852
0.027826
0.027776
0.027763
0.027757
0.027776
0.027712
0.027715
0.027723
0.027705
0.027567
0.027478
0.027513
0.027481
0.027478
0.027555
0.027609
0.027548
0.027577
0.027589
0.027490
0.027432
0.027420
0.027419
0.027415
0.027477
0.027425
0.027418
0.027475
0.027484
0.027410
0.027377
0.027257
0.027227
0.027199
0.027309
0.027279
0.027242
0.027242
0.027246
0.027304
0.027344
0.027191
0.027209
0.027215
0.027191
0.027193
0.027292
0.027325
0.027307
0.027289
0.027144
0.027259
0.027266
0.027276
0.027301
0.027245
0.027205
0.027211
0.027205
0.027271
0.027035
0.027040
0.027006
0.027098
0.027085
0.026994
0.027021
0.027105
0.027078
0.027104
0.027039
0.027047
0.027066
0.027069
0.027092
0.027012
0.026915
0.027012
0.026996
0.027009
0.026851
0.026990
0.026946
0.027085
0.027022
0.026817
0.026789
0.026740
0.026757
0.026784
0.026715
0.026672
0.026788
0.026798
0.026675
0.026699
0.026654
0.026624
0.026642
0.026805
0.026750
0.026808
0.026776
0.026815
0.026817
0.026809
0.026783
0.026803
0.026745
0.026832
0.026728
0.026693
0.026612
0.026573
0.026616
0.026571
0.026543
0.026604
0.026500
0.026543
0.026663
0.026550
0.026526
0.026537
0.026661
0.026498
0.026600
0.026529
0.026635
0.026643
0.026590
0.026507
0.026461
0.026427
0.026499
0.026308
0.026461
0.026349
0.026190
0.026251
0.026437
0.026319
0.026300
0.026401
0.026412
0.026352
0.026308
0.026312
0.026313
0.026307
0.026296
0.026318
0.026277
0.026283
0.026319
0.026264
0.026245
0.026221
0.026265
0.026200
0.026205
0.026220
0.026296
0.026191
0.026278
0.026169
0.026155
0.026117
0.026148
0.026116
0.026151
0.026071
0.026069
0.026075
0.026096
0.026081
0.026056
0.026233
0.026052
0.026084
0.026099
0.026147
0.026148
0.026016
0.026083
0.025978
0.026002
0.026043
0.026132
0.026015
0.025948
0.025931
0.025896
0.025906
0.025976
0.025934
0.025959
0.025910
0.025977
0.025962
0.025861
0.025891
0.025893
0.025901
0.025907
0.025865
0.025878
0.025852
0.025886
0.025914
0.025964
0.026064
0.025913
0.025902
0.025844
0.026491
0.025805
0.025747
0.025929
0.025820
0.025790
0.025791
0.025723
0.025847
0.025890
0.025722
0.025863
0.025831
0.025822
0.025758
0.025710
0.025804
0.025797
0.025763
0.025840
0.025784
0.025740
0.025687
0.025815
0.025762
0.025640
0.025613
0.025714
0.025679
0.025606
0.025552
0.025595
0.025563
0.025575
0.025596
0.025677
0.025640
0.025622
0.025691
0.025702
0.025579
0.025546
0.025498
0.025468
0.025559
0.025511
0.025505
0.025498
0.025458
0.025499
0.025430
0.025424
0.025429
0.025450
0.025471
0.025389
0.025392
0.025346
0.025438
0.025370
0.025443
0.025480
0.025368
0.025426
0.025516
0.025489
0.025426
0.025471
0.025413
0.025502
0.025392
0.025417
0.025402
0.025408
0.025427
0.025388
0.025399
0.025352
0.025372
0.025382
0.025362
0.025360
0.025328
0.025421
0.025348
0.025280
0.025271
0.025244
0.025284
0.025316
0.025244
0.025230
0.025322
0.025230
0.025295
0.025232
0.025258
0.025228
0.025230
0.025197
0.025202
0.025142
0.025212
0.025182
0.025243
0.025122
0.025196
0.025155
0.025174
0.025213
0.025046
0.024994
0.024985
0.024986
0.025020
0.025026
0.024989
0.025033
0.024919
0.025034
0.025003
0.024991
0.025033
0.024933
0.025115
0.024949
0.024968
0.024934
0.024933
0.024945
0.024896
0.024901
0.024869
0.025231
0.024945
0.024901
0.024878
0.024894
0.024843
0.024911
0.024841
0.024820
0.024792
0.024794
0.024841
0.024831
0.024826
0.024882
0.025012
0.024907
0.024900
0.024869
0.024825
0.024862
0.024795
0.024758
0.024770
0.024841
0.024829
0.024926
0.024680
0.024746
0.024684
0.024687
0.025066
0.024794
0.024610
0.024676
0.024636
0.024680
0.024693
0.024662
0.024713
0.024610
0.024699
0.024730
0.024709
0.024685
0.024679
0.024744
0.024678
0.024676
0.024672
0.024615
0.024699
0.024661
0.024615
0.024651
0.024619
0.024662
0.024710
0.024615
0.024593
0.024580
0.024712
0.024549
0.024603
0.024574
0.024560
0.024556
0.024493
0.024432
0.024578
0.024510
0.024561
0.024514
0.024502
0.024516
0.024503
0.024567
0.024495
0.024516
0.024488
0.024502
0.024467
0.024457
0.024467
0.024442
0.024455
0.024455
0.024407
0.024424
0.024397
0.024388
0.024490
0.024469
0.024360
0.024357
0.024377
0.024485
0.024318
0.024267
0.024269
0.024317
0.024336
0.024392
0.024402
0.024686
0.024300
0.024357
0.024261
0.024342
0.024164
0.024197
0.024253
0.024221
0.024837
0.024254
0.024285
0.024538
0.024125
0.024079
0.024081
0.024131
0.024174
0.024129
0.024145
0.024130
0.024134
0.024134
0.024110
0.024075
0.024107
0.024054
0.024100
0.024105
0.024030
0.024051
0.024028
0.024021
0.024032
0.024056
0.024069
0.024005
0.024047
0.024003
0.023987
0.024035
0.024016
0.024044
0.023962
0.024008
0.024028
0.023989
0.024024
0.023924
0.023906
0.023941
0.023930
0.023935
0.023908
0.023949
0.023962
0.023967
0.023974
0.024460
0.023951
0.024060
0.023870
0.023904
0.023896
0.023874
0.023807
0.023845
0.023918
0.023845
0.023880
0.024214
0.023821
0.023854
0.023818
0.023769
0.023809
0.023802
0.023906
0.023905
0.023820
0.023800
0.023825
0.023865
0.023803
0.023772
0.023751
0.023806
0.023844
0.023785
0.023750
0.023719
0.023771
0.023785
0.023751
0.023781
0.023833
0.023830
0.023865
0.023595
0.023728
0.023605
0.023709
0.023676
0.023592
0.023624
0.023571
0.023692
0.023680
0.023659
0.023541
0.023808
0.023614
0.023747
0.023618
0.023649
0.023665
0.023645
0.023672
0.023639
0.023671
0.023587
0.023613
0.023613
0.023630
0.023614
0.023576
0.023578
0.023579
0.023996
0.023532
0.023510
0.023771
0.023742
0.023684
0.023529
0.023555
0.023532
0.023571
0.023537
0.023487
0.023524
0.023519
0.023550
0.023486
0.023503
0.023474
0.023498
0.023481
0.023456
0.023473
0.023435
0.023423
0.023506
0.023452
0.023422
0.023475
0.023494
0.023528
0.023456
0.023439
0.023449
0.023413
0.023452
0.023435
0.023494
0.023392
0.023445
0.023485
0.023466
0.023453
0.023429
0.023411
0.023439
0.023369
0.023414
0.023372
0.023368
0.023463
0.023337
0.023392
0.023417
0.023364
0.023419
0.023347
0.023468
0.023322
0.023322
0.023313
0.024016
0.023378
0.023261
0.023292
0.023357
0.023246
0.023280
0.023292
0.023271
0.023327
0.023294
0.023323
0.023276
0.023261
0.023231
0.023252
0.023257
0.023250
0.023281
0.023286
0.023251
0.023206
0.023237
0.023204
0.023282
0.023202
0.023247
0.023222
0.023230
0.023255
0.023215
0.023191
0.023164
0.023161
0.023183
0.023291
0.023151
0.023147
0.023148
0.023174
0.023403
0.023297
0.023129
0.023175
0.023255
0.023220
0.023128
0.023151
0.023149
0.023268
0.023296
0.023306
0.023358
0.023309
0.023336
0.023329
0.023336
0.023325
0.023232
0.023119
0.023103
0.023077
0.023101
0.023129
0.023100
0.023014
0.023016
0.022996
0.023075
0.023056
0.023048
0.023022
0.023017
0.022987
0.023028
0.023032
0.023025
0.023021
0.023021
0.023023
0.022993
0.023009
0.023005
0.022978
0.023049
0.022940
0.022917
0.022947
0.022925
0.022977
0.022868
0.022854
0.022959
0.022820
0.022877
0.022799
0.022789
0.022836
0.022905
0.022969
0.022941
0.022918
0.022887
0.022948
0.022971
0.022833
0.022839
0.022820
0.022819
0.022857
0.022803
0.022794
0.022769
0.022838
0.022803
0.022806
0.022760
0.022766
0.022748
0.022809
0.022831
0.022743
0.022779
0.022777
0.022806
0.023898
0.022725
0.022773
0.022929
0.022877
0.022789
0.022841
0.022776
0.022821
0.022890
0.022842
0.022738
0.022799
0.022833
0.022807
0.022813
0.022827
0.022812
0.022782
0.022864
0.022840
0.022850
0.022903
0.022711
0.022752
0.022734
0.022748
0.022734
0.022721
0.022829
0.022812
0.022771
0.022724
0.022752
0.022810
0.022800
0.022786
0.022755
0.022764
0.022783
0.023030
0.022736
0.022668
0.022594
0.022730
0.022671
0.022733
0.022720
0.022703
0.022860
0.022670
0.022714
0.022685
0.022706
0.022692
0.022677
0.022678
0.022950
0.022661
0.022728
0.022720
0.022703
0.022706
0.022672
0.022689
0.022647
0.022605
0.022642
0.022625
0.022628
0.022609
0.022579
0.022562
0.022599
0.022588
0.022583
0.022562
0.022587
0.022558
0.022530
0.022547
0.022480
0.022468
0.022483
0.022489
0.022825
0.022428
0.022391
0.022438
0.022412
0.022375
0.022360
0.022367
0.022378
0.022403
0.022368
0.022442
0.022416
0.022444
0.022459
0.022455
0.022418
0.022439
0.022519
0.022494
0.022481
0.022451
0.022452
0.022418
0.022474
0.022383
0.022442
0.022422
0.022368
0.022425
0.022396
0.022460
0.022415
0.022256
0.022470
0.022332
0.022391
0.022397
0.022395
0.022433
0.022396
0.022398
0.022320
0.022330
0.022408
0.022349
0.022324
0.022336
0.022330
0.022338
0.022349
0.022295
0.022319
0.022344
0.022321
0.022375
0.022284
0.022278
0.022269
0.022333
0.022283
0.022290
0.022312
0.022309
0.022338
0.022315
0.022231
0.022232
0.022227
0.022285
0.022224
0.022234
0.022374
0.022135
0.022153
0.022152
0.022121
0.022144
0.022106
0.022184
0.022141
0.022127
0.022570
0.022200
0.022135
0.022084
0.022107
0.022065
0.022089
0.022095
0.022057
0.022116
0.022103
0.022171
0.022193
0.022180
0.022110
0.022108
0.022118
0.022135
0.022119
0.022097
0.022115
0.022090
0.022154
0.022109
0.022100
0.022093
0.022083
0.022147
0.022083
0.022036
0.022066
0.022034
0.022092
0.022062
0.022036
0.022041
0.022035
0.022074
0.022042
0.022038
0.022043
0.022041
0.022526
0.022346
0.022353
0.022322
0.022309
0.022324
0.022226
0.022200
0.022281
0.022218
0.022184
0.022243
0.022211
0.022218
0.022212
0.022222
0.022220
0.022143
0.022169
0.022182
0.022200
0.022149
0.022095
0.022264
0.022081
0.022171
0.022121
0.022137
0.022168
0.022345
0.022276
0.022166
0.022115
0.022136
0.022112
0.022167
0.022165
0.022157
0.022137
0.022089
0.022068
0.022107
0.022126
0.022080
0.022045
0.022160
0.022109
0.022115
0.022100
0.022120
0.022089
0.022052
0.022096
0.022084
0.022073
0.022202
0.022096
0.022109
0.022068
0.022092
0.022106
0.022066
0.022021
0.022068
0.022059
0.022047
0.022096
0.022040
0.022065
0.022002
0.022055
0.022039
0.022082
0.022036
0.022047
0.022057
0.022023
0.022050
0.022066
0.022054
0.022101
0.022072
0.022005
0.022011
0.022007
0.022022
0.022061
0.022075
0.022016
0.021718
0.021765
0.021715
0.021729
0.021697
0.021769
0.021822
0.021761
0.021717
0.021685
0.021741
0.021763
0.021706
0.021720
0.021762
0.021655
0.021702
0.021689
0.021695
0.021658
0.021702
0.021767
0.021654
0.021711
0.021696
0.021652
0.021691
0.021747
0.021624
0.021620
0.021685
0.021678
0.021612
0.021607
0.021583
0.021592
0.021643
0.021594
0.021604
0.021564
0.021598
0.021636
0.021558
0.021560
0.021539
0.021570
0.021560
0.021564
0.021537
0.021461
0.021574
0.021628
0.021596
0.021559
0.021583
0.021545
0.021543
0.021520
0.021469
0.021497
0.021503
0.021555
0.021474
0.021531
0.021443
0.021487
0.021543
0.021499
0.021444
0.021472
0.021455
0.021541
0.021456
0.021450
0.021438
0.021417
0.021487
0.021305
0.021326
0.021304
0.021398
0.021450
0.021345
0.021326
0.021356
0.021294
0.021367
0.021321
0.021320
0.021346
0.021298
0.021569
0.021350
0.021286
0.021330
0.021366
0.021298
0.021268
0.021321
0.021242
0.021289
0.021341
0.021300
0.021261
0.021306
0.021265
0.021288
0.021272
0.021224
0.021243
0.021262
0.021278
0.021284
0.021318
0.021229
0.021249
0.021300
0.021217
0.021267
0.021253
0.021285
0.021266
0.021224
0.021310
0.021639
0.021206
0.021294
0.021674
0.021263
0.021178
0.021190
0.021256
0.021213
0.021207
0.021191
0.021153
0.021223
0.021158
0.021199
0.021227
0.021158
0.021181
0.021158
0.021201
0.021217
0.021201
0.021212
0.021194
0.021648
0.021115
0.021112
0.021152
0.021107
0.021150
0.021140
0.021163
0.021160
0.021136
0.021085
0.021116
0.021129
0.021122
0.021143
0.021064
0.021099
0.021061
0.021085
0.021073
0.021060
0.021114
0.021058
0.021115
0.021055
0.021098
0.021146
0.021109
0.021200
0.021113
0.021088
0.021085
0.021085
0.021109
0.021141
0.021111
0.021086
0.021046
0.021104
0.021073
0.021129
0.021077
0.021069
0.021105
0.021054
0.021064
0.021016
0.021032
0.021120
0.021041
0.021104
0.021125
0.021108
0.021174
0.021111
0.021107
0.021091
0.021082
0.021142
0.021092
0.021096
0.021086
0.021086
0.021124
0.021095
0.021070
0.021092
0.021073
0.021090
0.021032
0.021054
0.020988
0.021085
0.020965
0.020969
0.020988
0.020987
0.020951
0.020997
0.021010
0.021005
0.020988
0.020939
0.020999
0.020928
0.020977
0.021007
0.020961
0.020991
0.020910
0.020878
0.020931
0.020955
0.020930
0.020980
0.020905
0.020954
0.020961
0.021021
0.020937
0.020947
0.020901
0.020872
0.020930
0.020910
0.020892
0.020919
0.020944
0.020985
0.020835
0.020873
0.020938
0.020928
0.020967
0.020883
0.020926
0.020927
0.020891
0.020886
0.020848
0.020904
0.020857
0.020819
0.020898
0.020825
0.020838
0.020853
0.020855
0.020893
0.020836
0.020827
0.020900
0.020818
0.020850
0.020809
0.020801
0.020809
0.020840
0.021151
0.021076
0.021066
0.021091
0.021097
0.021160
0.021088
0.021087
0.021073
0.021020
0.021115
0.021087
0.021078
0.021006
0.020979
0.021065
0.020992
0.020973
0.020971
0.020971
0.021085
0.021028
0.021056
0.020980
0.020969
0.021117
0.021071
0.021032
0.021059
0.021038
0.021065
0.021096
0.021076
0.020953
0.021001
0.021054
0.021008
0.020985
0.021022
0.021058
0.021112
0.021085
0.021011
0.021066
0.021045
0.021073
0.021011
0.021049
0.021020
0.021001
0.021018
0.021031
0.021067
0.021056
0.020979
0.021093
0.021033
0.021012
0.021048
0.021005
0.021026
0.021001
0.020899
0.020855
0.020949
0.021045
0.020985
0.020985
0.020974
0.020974
0.021065
0.020942
0.020904
0.020962
0.020936
0.020951
0.021135
0.020987
0.020984
0.020894
0.021064
0.021045
0.020990
0.020980
0.020935
0.021007
0.021044
0.020968
0.020964
0.020977
0.021013
0.020937
0.020873
0.020903
0.020909
0.020874
0.020852
0.020853
0.020849
0.020780
0.020882
0.020854
0.020944
0.020949
0.020885
0.020914
0.020883
0.020881
0.020862
0.020799
0.020863
0.020814
0.020857
0.020834
0.020805
0.020812
0.020809
0.020828
0.020834
0.020796
0.020828
0.020803
0.020808
0.020867
0.020870
0.020915
0.020890
0.020889
0.020866
0.020954
0.020799
0.020822
0.020836
0.020778
0.020871
0.020595
0.020487
0.020472
0.020482
0.020482
79.842120
