Initialising electron positions
Begin calculating forces
0.128037
0.127230
0.126021
0.126573
0.125952
0.126527
0.125635
0.126062
0.126439
0.126212
0.125559
0.125130
0.124646
0.124949
0.125273
0.124993
0.125073
0.124854
0.125049
0.125416
0.125308
0.124992
0.124372
0.124278
0.124791
0.124563
0.124754
0.125782
0.126398
0.127617
0.126483
0.126309
0.126154
0.126787
0.126912
0.127260
0.126523
0.126490
0.126050
0.125129
0.125525
0.125621
0.125661
0.125826
0.126756
0.125430
0.126467
0.125816
0.125710
0.125512
0.124881
0.124817
0.124797
0.124150
0.125116
0.125115
0.125841
0.125970
0.125633
0.124549
0.124863
0.126809
0.124987
0.125195
0.125068
0.124648
0.127346
0.125730
0.125244
0.124402
0.125742
0.125402
0.124421
0.125814
0.125485
0.124802
0.125811
0.125779
0.125293
0.124730
0.124206
0.124439
0.125198
0.125430
0.125537
0.125459
0.126129
0.125064
0.125289
0.125859
0.125191
0.126184
0.125816
0.126055
0.124951
0.124971
0.124870
0.124532
0.126166
0.125437
0.124952
0.125023
0.125158
0.125338
0.125648
0.124639
0.126236
0.125265
0.125213
0.125208
0.126052
0.125261
0.124885
0.126294
0.125098
0.126316
0.124852
0.125227
0.124942
0.124703
0.125481
0.124445
0.124951
0.125682
0.125344
0.124454
0.124529
0.124185
0.125724
0.124217
0.125767
0.124591
0.125801
0.125710
0.125880
0.124489
0.126727
0.125314
0.124510
0.125860
0.124484
0.125764
0.126241
0.125686
0.124478
0.124666
0.125766
0.124477
0.125548
0.125551
0.125555
0.125585
0.125149
0.125684
0.123818
0.124937
0.124072
0.125142
0.124834
0.124245
0.123792
0.125781
0.124358
0.126544
0.125890
0.125831
0.125946
0.125983
0.126197
0.125795
0.126310
0.125559
0.124329
0.125725
0.125349
0.125731
0.125778
0.125770
0.125752
0.124668
0.124993
0.125237
0.125628
0.125194
0.125111
0.126489
0.125216
0.125837
0.125070
0.126602
0.124721
0.125161
0.124574
0.124969
0.126361
0.125039
0.124528
0.125821
0.125181
0.124604
0.126114
0.124668
0.125371
0.125840
0.126116
0.126332
0.126087
0.126239
0.126184
0.126367
0.126255
0.126798
0.126189
0.126479
0.126669
0.126678
0.126780
0.126854
0.126414
0.125746
0.125824
0.126154
0.125635
0.126269
0.125202
0.126589
0.125257
0.124458
0.125721
0.124659
0.126087
0.124384
0.124476
0.125872
0.124580
0.125311
0.123703
0.124642
0.125627
0.125819
0.126271
0.127877
0.126141
0.124891
0.129450
0.124404
0.124387
0.124253
0.124726
0.125650
0.125605
0.125052
0.125648
0.125606
0.125661
0.125648
0.125750
0.124556
0.124194
0.125339
0.125681
0.124233
0.125914
0.124807
0.124549
0.125419
0.125742
0.124601
0.126471
0.125025
0.124658
0.126130
0.125073
0.124532
0.124485
0.124743
0.126063
0.125763
0.124179
0.124187
0.124208
0.124556
0.125356
0.125655
0.124839
0.124207
0.124267
0.124504
0.126496
0.125897
0.125470
0.126394
0.125491
0.125799
0.125550
0.125598
0.126344
0.125749
0.124088
0.124425
0.124311
0.124124
0.124192
0.124833
0.126052
0.125658
0.125807
0.125510
0.125728
0.124529
0.124125
0.124371
0.124710
0.124343
0.124627
0.124531
0.124308
0.124373
0.124199
0.124149
0.125033
0.125576
0.126336
0.125576
0.125565
0.125501
0.126049
0.124202
0.125240
0.124413
0.124341
0.125297
0.125076
0.124148
0.124407
0.124370
0.125084
0.124123
0.124205
0.125710
0.125677
0.125596
0.125448
0.125574
0.125825
0.125626
0.125530
0.125672
0.124990
0.124169
0.125551
0.125378
0.124973
0.125204
0.124010
0.125537
0.125659
0.124415
0.125553
0.125070
0.125596
0.124070
0.125797
0.126050
0.125368
0.125019
0.125586
0.125348
0.124214
0.125939
0.126088
0.126434
0.126321
0.126225
0.126184
0.126474
0.125123
0.126219
0.126169
0.126404
0.125952
0.125275
0.125188
0.125735
0.125772
0.125618
0.125665
0.124545
0.126079
0.126151
0.126520
0.125954
0.125997
0.124815
0.124524
0.124677
0.125193
0.125268
0.125130
0.126999
0.126520
0.124890
0.126439
0.124833
0.126185
0.126246
0.126150
0.126176
0.125944
0.124492
0.124783
0.124749
0.124586
0.125099
0.124135
0.124133
0.124253
0.124169
0.124088
0.124268
0.124244
0.125943
0.123956
0.123967
0.124175
0.123727
0.123878
0.123743
0.123741
0.123800
0.123965
0.123787
0.123735
0.123696
0.123654
0.129320
0.123946
0.123804
0.123804
0.123641
0.123871
0.123694
0.123752
0.124691
0.123759
0.123807
0.123977
0.123702
0.123746
0.124535
0.127390
0.126179
0.125938
0.124993
0.123737
0.124300
0.125881
0.125895
0.125764
0.126275
0.124268
0.125735
0.125774
0.124514
0.125373
0.123741
0.123746
0.123648
0.125514
0.123653
0.123936
0.123690
0.123727
0.123861
0.125633
0.125648
0.125170
0.125459
0.125582
0.125501
0.124354
0.124036
0.124789
0.125594
0.125782
0.125629
0.125629
0.125593
0.124866
0.125575
0.125656
0.125496
0.125623
0.125456
0.124295
0.124315
0.124354
0.124499
0.124398
0.124968
0.125947
0.125734
0.125659
0.125688
0.125838
0.124554
0.124368
0.124354
0.124570
0.124562
0.124787
0.126019
0.124985
0.125732
0.125198
0.126062
0.124531
0.124149
0.124104
0.124434
0.124878
0.124839
0.125719
0.125746
0.125810
0.125670
0.128388
0.126601
0.124515
0.125685
0.125838
0.125319
0.125738
0.124845
0.125414
0.125592
0.125677
0.124742
0.126558
0.125770
0.125851
0.125825
0.124482
0.125898
0.125815
0.124286
0.124017
0.124283
0.124570
0.124390
0.125684
0.124715
0.125806
0.126384
0.125445
0.125431
0.124515
0.125301
0.125593
0.124627
0.124924
0.124426
0.124790
0.124444
0.124089
0.124287
0.124087
0.125885
0.125873
0.124586
0.125571
0.129386
0.125359
0.126752
0.125475
0.126888
0.126784
0.124785
0.124602
0.124663
0.125723
0.126970
0.125599
0.126084
0.125505
0.124514
0.124828
0.125901
0.124345
0.125313
0.127045
0.124568
0.125881
0.127022
0.124330
0.125443
0.123926
0.125602
0.124118
0.126111
0.125402
0.124346
0.126827
0.124358
0.124671
0.124871
0.124397
0.124552
0.124819
0.125575
0.125381
0.124497
0.124085
0.125314
0.125572
0.125159
0.124477
0.125009
0.124405
0.124437
0.126370
0.124411
0.123946
0.124404
0.124478
0.124396
0.126203
0.125422
0.123591
0.124431
0.123705
0.123883
0.124664
0.125634
0.124603
0.124037
0.123818
0.123559
0.124404
0.123604
0.124723
0.126276
0.123958
0.125505
0.125570
0.125526
0.125559
0.125711
0.125618
0.125555
0.125649
0.125591
0.125615
0.125543
0.125600
0.125579
0.125628
0.125609
0.123808
0.124520
0.124164
0.123613
0.124358
0.124478
0.124360
0.124458
0.123805
0.123586
0.123631
0.123627
0.123711
0.123677
0.123656
0.123511
0.123659
0.123753
0.124181
0.124278
0.123556
0.123659
0.124179
0.123646
0.123704
0.123857
0.123668
0.123619
0.123806
0.123680
0.123637
0.123621
0.126903
0.123740
0.125355
0.124031
0.125618
0.125309
0.125340
0.125600
0.125918
0.125914
0.126179
0.126504
0.125994
0.126136
0.126080
0.126116
0.126005
0.126116
0.126181
0.126139
0.127383
0.126019
0.126060
0.125995
0.126064
0.127616
0.125913
0.126009
0.126029
0.126055
0.126076
0.126017
0.127151
0.127269
0.127419
0.127292
0.125760
0.126047
0.126239
0.126015
0.126103
0.126199
0.125917
0.125995
0.126066
0.125512
0.126178
0.126107
0.125894
0.125244
0.126203
0.125924
0.125808
0.126322
0.126098
0.127665
0.126038
0.125509
0.126045
0.125733
0.126121
0.125999
0.125531
0.126041
0.126168
0.126189
0.126163
0.126103
0.125814
0.125759
0.125737
0.125786
0.125721
0.125763
0.126119
0.125679
0.128372
0.125688
0.125636
0.125712
0.125785
0.125781
0.125745
0.125782
0.125692
0.125672
0.125712
0.125558
0.125630
0.125795
0.125698
0.125595
0.125686
0.124535
0.125626
0.125755
0.126215
0.125890
0.125642
0.125627
0.127299
0.125643
0.125660
0.125773
0.125584
0.125807
0.125754
0.125785
0.125938
0.126147
0.126169
0.126224
0.126084
0.126534
0.126108
0.126228
0.126792
0.125967
0.127269
0.125795
0.126082
0.126898
0.126967
0.126955
0.126030
0.125763
0.125710
0.125763
0.125820
0.125808
0.125874
0.125869
0.125936
0.126998
0.125797
0.125734
0.125860
0.125785
0.126123
0.126842
0.127174
0.125935
0.125785
0.125723
0.125852
0.125780
0.125717
0.128979
0.125841
0.125861
0.125755
0.125840
0.125889
0.125775
0.125806
0.125815
0.126374
0.125767
0.125823
0.125651
0.123888
0.123744
0.123764
0.123756
0.123906
0.124942
0.123853
0.123862
0.124010
0.123835
0.123907
0.123925
0.124160
0.126093
0.123784
0.123836
0.124366
0.124304
0.123837
0.123818
0.123811
0.125073
0.123877
0.123784
0.124064
0.125908
0.125761
0.125801
0.123887
0.123909
0.123648
0.123814
0.123888
0.123825
0.123816
0.123811
0.123838
0.123995
0.125078
0.124967
0.125754
0.125779
0.125722
0.125649
0.125525
0.123797
0.123758
0.124219
0.123723
0.124773
0.124935
0.123756
0.125438
0.125683
0.124892
0.123893
0.123936
0.123972
0.123877
0.123848
0.124025
0.123976
0.124151
0.125732
0.126065
0.126214
0.127377
0.124779
0.124306
0.125485
0.126066
0.123823
0.123817
0.124985
0.123853
0.124436
0.125810
0.125722
0.126280
0.123894
0.123794
0.124380
0.123690
0.123790
0.123879
0.124499
0.124784
0.124774
0.123701
0.123876
0.123889
0.123712
0.123697
0.124840
0.125137
0.125469
0.124373
0.123961
0.123996
0.123679
0.123830
0.124175
0.123990
0.124091
0.123912
0.124961
0.124488
0.124496
0.124489
0.125218
0.125516
0.124791
0.125520
0.124937
0.124314
0.124385
0.125003
0.125840
0.124372
0.124446
0.124425
0.124541
0.124080
0.124972
0.124589
0.124189
0.124320
0.124227
0.124136
0.124601
0.125531
0.124292
0.124315
0.124249
0.124463
0.126083
0.125591
0.124919
0.124601
0.125226
0.125378
0.124822
0.124603
0.124596
0.125029
0.125106
0.126264
0.126330
0.126182
0.126293
0.126174
0.125906
0.125110
0.124549
0.124559
0.124398
0.125029
0.125254
0.124605
0.125932
0.125934
0.125818
0.124152
0.124680
0.124793
0.124471
0.125806
0.124184
0.124875
0.124936
0.124096
0.125684
0.124136
0.124169
0.124836
0.124371
0.124488
0.125683
0.124857
0.125187
0.124610
0.126684
0.125050
0.124590
0.124635
0.126115
0.125849
0.125655
0.125694
0.125948
0.126208
0.124988
0.124773
0.124556
0.124828
0.125143
0.124846
0.126241
0.126106
0.126268
0.124951
0.124628
0.125055
0.126251
0.126124
0.125923
0.125403
0.125064
0.125687
0.124598
0.124533
0.125304
0.124815
0.125133
0.124935
0.125888
0.126085
0.125996
0.124682
0.124360
0.126146
0.124216
0.125838
0.124546
0.126144
0.124633
0.125879
0.124532
0.125818
0.127242
0.124430
0.126320
0.124792
0.125869
0.125706
0.125062
0.125673
0.126399
0.125935
0.124946
0.126509
0.125121
0.125170
0.127274
0.125675
0.126168
0.125100
0.124715
0.125994
0.124615
0.125958
0.124941
0.126175
0.125857
0.124853
0.126231
0.126556
0.126159
0.123911
0.124103
0.125879
0.124646
0.123811
0.125101
0.123841
0.123882
0.123807
0.124478
0.123715
0.125619
0.125982
0.123670
0.125236
0.124099
0.123977
0.124042
0.123963
0.123935
0.125361
0.123898
0.125220
0.125826
0.124187
0.124147
0.123992
0.124165
0.124011
0.124465
0.124705
0.124479
0.125198
0.125411
0.125857
0.124447
0.126902
0.124744
0.125820
0.124678
0.125917
0.126902
0.124972
0.125526
0.125684
0.124623
0.125874
0.124518
0.125854
0.124494
0.124547
0.124318
0.125829
0.125233
0.124614
0.124679
0.124351
0.125818
0.124779
0.125806
0.125404
0.125209
0.124412
0.125090
0.124696
0.124621
0.125268
0.125579
0.126107
0.125030
0.124454
0.125219
0.125113
0.125882
0.124937
0.124030
0.124580
0.124963
0.124901
0.124774
0.124468
0.124378
0.124969
0.126208
0.125051
0.125665
0.126352
0.125412
0.125058
0.125105
0.124564
0.125006
0.124934
0.125087
0.125224
0.126886
0.126737
0.126241
0.126431
0.126755
0.126370
0.124947
0.125037
0.124989
0.124889
0.124884
0.126532
0.126062
0.125237
0.125308
0.124915
0.125027
0.124951
0.124712
0.125183
0.124837
0.124992
0.125835
0.126244
0.126114
0.126195
0.125897
0.125973
0.124693
0.124802
0.125802
0.125697
0.124529
0.124913
0.124630
0.125034
0.125002
0.124874
0.124745
0.124780
0.124977
0.125170
0.124973
0.124869
0.125057
0.125694
0.125279
0.125417
0.124839
0.124961
0.124942
0.124851
0.125353
0.125565
0.125134
0.125254
0.125192
0.125321
0.125339
0.124914
0.125188
0.125590
0.125776
0.125732
0.125142
0.125282
0.124632
0.126543
0.126472
0.126577
0.126944
0.126554
0.125607
0.125455
0.124850
0.124889
0.125160
0.124980
0.125859
0.124687
0.124607
0.125034
0.125582
0.124888
0.124659
0.124566
0.125046
0.125398
0.124567
0.125107
0.124712
0.124988
0.124802
0.124538
0.124836
0.125335
0.124751
0.124711
0.124778
0.124921
0.124646
0.124803
0.124612
0.124741
0.124953
0.124817
0.124706
0.124915
0.125526
0.124798
0.125354
0.125156
0.125101
0.124749
0.126060
0.125774
0.124640
0.124802
0.124720
0.125025
0.124694
0.124841
0.125170
0.125140
0.124776
0.125585
0.126783
0.126500
0.125307
0.127723
0.125472
0.127116
0.125954
0.126440
0.124996
0.124939
0.124695
0.125477
0.127816
0.128142
0.128282
0.128205
0.128152
0.127976
0.126009
0.124831
0.127538
0.127521
0.126271
0.124998
0.124657
0.124735
0.124767
0.125107
0.124884
0.124689
0.124497
0.124833
0.124780
0.125154
0.125027
0.124733
0.124967
0.124839
0.124774
0.127282
0.124951
0.124966
0.125956
0.126996
0.129072
0.126149
0.124560
0.124539
0.124474
0.124761
0.124497
0.124374
0.125552
0.124232
0.124302
0.124666
0.124598
0.124638
0.125595
0.124597
0.124305
0.124481
0.124452
0.124525
0.124514
0.124635
0.125570
0.127369
0.127319
0.127950
0.127711
0.124182
0.124199
0.124434
0.124371
0.124489
0.125026
0.124204
0.124092
0.123913
0.124132
0.125285
0.125362
0.126562
0.127709
0.127601
0.127734
0.127059
0.125629
0.124726
0.124740
0.124625
0.124716
0.127639
0.128007
0.126690
0.126757
0.127812
0.124434
0.124275
0.126041
0.124452
0.125458
0.124379
0.124534
0.125319
0.125932
0.124555
0.125272
0.125884
0.124175
0.126270
0.127683
0.127771
0.127054
0.124381
0.125117
0.124439
0.124799
0.124450
0.124295
0.124526
0.124634
0.124315
0.124645
0.124910
0.124756
0.124775
0.125435
0.125957
0.125768
0.124670
0.124446
0.124448
0.124352
0.124631
0.124910
0.124508
0.124910
0.124935
0.125141
0.124620
0.124430
0.125282
0.125581
0.124940
0.124356
0.124800
0.124630
0.125009
0.124798
0.124887
0.124820
0.124500
0.124514
0.124653
0.127754
0.126518
0.124407
0.125201
0.124168
0.124532
0.124706
0.124723
0.125078
0.124808
0.125095
0.124970
0.125797
0.124645
0.124648
0.124625
0.124911
0.124827
0.124361
0.124523
0.124550
0.124479
0.125048
0.124270
0.124857
0.124852
0.124914
0.125092
0.126256
0.125811
0.125691
0.124319
0.124477
0.125102
0.124539
0.124741
0.124176
0.124360
0.124500
0.125031
0.125162
0.125699
0.126053
0.125354
0.124441
0.124410
0.124520
0.124008
0.124343
0.124527
0.124682
0.124474
0.124480
0.124561
0.124435
0.124181
0.124295
0.124708
0.124593
0.124246
0.124786
0.125054
0.125132
0.125956
0.124876
0.126319
0.124505
0.124762
0.124635
0.124677
0.124960
0.124395
0.125888
0.124374
0.123992
0.124227
0.124794
0.123696
0.123755
0.123856
0.124031
0.124595
0.124430
0.124310
0.125007
0.125052
0.124396
0.125696
0.123879
0.123976
0.124062
0.123906
0.124302
0.124020
0.123774
0.123870
0.124207
0.123927
0.123896
0.125082
0.126017
0.125904
0.126020
0.125629
0.125828
0.125804
0.126941
0.126326
0.126051
0.126360
0.126697
0.126007
0.126289
0.125785
0.125658
0.125887
0.125824
0.125651
0.125951
0.125821
0.126105
0.125885
0.126367
0.124094
0.124066
0.126322
0.124727
0.125426
0.124987
0.124371
0.124327
0.125010
0.124166
0.126388
0.125898
0.126250
0.126167
0.124438
0.124249
0.124888
0.124517
0.125588
0.125764
0.125852
0.125228
0.124307
0.124511
0.124093
0.124951
0.126285
0.126137
0.125747
0.126042
0.125880
0.125897
0.126358
0.124322
0.125740
0.125214
0.124547
0.125153
0.125726
0.124599
0.125805
0.124470
0.124523
0.124446
0.124222
0.124399
0.124600
0.124979
0.126417
0.125940
0.126548
0.126526
0.125933
0.125212
0.124558
0.124414
0.125086
0.124690
0.124362
0.124815
0.125523
0.124700
0.124907
0.124313
0.124806
0.125724
0.123773
0.124901
0.126609
0.126190
0.124404
0.123997
0.123810
0.125663
0.124038
0.124154
0.123971
0.125147
0.124018
0.124042
0.124021
0.124298
0.123979
0.123903
0.125707
0.125357
0.125050
0.124663
0.124498
0.124329
0.124063
0.124090
0.125170
0.126248
0.125668
0.125237
0.124147
0.125818
0.124345
0.123908
0.123731
0.125166
0.125813
0.126074
0.124058
0.125656
0.125821
0.126030
0.126226
0.125549
0.126628
0.126677
0.126835
0.125664
0.125608
0.126163
0.125319
0.125443
0.126136
0.125523
0.124744
0.125378
0.126662
0.126558
0.125857
0.126292
0.126116
0.126145
0.125715
0.125992
0.126792
0.125518
0.126769
0.125913
0.127228
0.126836
0.126305
0.126838
0.126757
0.126750
0.126479
0.126448
0.126605
0.126718
0.126971
0.127054
0.126558
0.125992
0.124226
0.124618
0.124245
0.126969
0.125195
0.125416
0.124232
0.123860
0.123754
0.125959
0.125785
0.125058
0.123934
0.125153
0.125216
0.127460
0.127490
0.127040
0.126367
0.125939
0.126769
0.127952
0.126918
0.126814
0.126671
0.126877
0.126894
0.127554
0.124118
0.125241
0.126515
0.125528
0.123790
0.124489
0.125746
0.126280
0.124144
0.123973
0.123788
0.125381
0.123728
0.124312
0.123799
0.125591
0.125532
0.125688
0.124608
0.125570
0.127336
0.126582
0.126031
0.126206
0.126099
0.127639
0.126210
0.126614
0.126106
0.126062
0.125988
0.126125
0.126214
0.126023
0.125981
0.126013
0.126906
0.125682
0.126008
0.126351
0.125961
0.126006
0.125724
0.125804
0.125536
0.125737
0.125968
0.125740
0.125826
0.125907
0.125793
0.125922
0.126227
0.126356
0.126087
0.125983
0.126298
0.125767
0.125839
0.125909
0.125863
0.125803
0.126892
0.125819
0.126312
0.125879
0.125930
0.125806
0.125920
0.126009
0.126730
0.126188
0.125785
0.126393
0.126100
0.126236
0.126296
0.125837
0.127064
0.125807
0.125896
0.126297
0.126228
0.125881
0.126426
0.126094
0.125867
0.125828
0.125891
0.125941
0.125968
0.125927
0.125857
0.125849
0.125848
0.125843
0.125940
0.126016
0.125844
0.125860
0.125890
0.125962
0.125805
0.125792
0.125852
0.125779
0.125853
0.125730
0.125796
0.125813
0.125769
0.126285
0.126733
0.125895
0.125901
0.125800
0.125839
0.125885
0.125744
0.125730
0.125860
0.125869
0.125791
0.125867
0.126226
0.125977
0.125843
0.126999
0.126867
0.125855
0.125702
0.125823
0.125785
0.126839
0.125826
0.125589
0.125753
0.125838
0.125785
0.123949
0.123778
0.124121
0.125697
0.125644
0.125540
0.124985
0.125068
0.123822
0.123766
0.124332
0.124839
0.123808
0.124133
0.123881
0.124463
0.123953
0.126346
0.125696
0.125375
0.123662
0.124866
0.124875
0.123693
0.124267
0.126411
0.125110
0.125346
0.124093
0.125121
0.125828
0.125802
0.126016
0.125412
0.123768
0.123777
0.123819
0.123933
0.123790
0.123999
0.123974
0.124469
0.124288
0.125925
0.124842
0.125079
0.123916
0.125845
0.125827
0.125868
0.125714
0.125748
0.125842
0.125828
0.125831
0.125225
0.123795
0.124374
0.125535
0.125724
0.124059
0.124966
0.125787
0.125728
0.125739
0.124724
0.124164
0.125964
0.125781
0.125277
0.123792
0.123780
0.124876
0.126562
0.123914
0.123905
0.124011
0.125131
0.125565
0.124017
0.123892
0.123850
0.123965
0.125549
0.123958
0.125816
0.124338
0.125883
0.125912
0.124475
0.123823
0.124134
0.124377
0.126494
0.125123
0.127011
0.126988
0.126555
0.126768
0.125008
0.125951
0.126058
0.123993
0.125605
0.125804
0.125969
0.124053
0.123943
0.123829
0.125517
0.128703
0.126218
0.125905
0.126381
0.125731
0.125760
0.125758
0.126104
0.125783
0.125814
0.125807
0.125915
0.126458
0.125911
0.125850
0.126110
0.125773
0.126021
0.125937
0.127197
0.125820
0.125887
0.126447
0.125942
0.125891
0.125906
0.125829
0.125956
0.125882
0.125851
0.125859
0.126981
0.125933
0.125807
0.125879
0.125843
0.127201
0.125877
0.126223
0.128803
0.125915
0.126000
0.125724
0.125763
0.125735
0.125816
0.126193
0.126149
0.126018
0.125991
0.125970
0.125858
0.125844
0.125942
0.125998
0.125860
0.125854
0.125920
0.125812
0.125857
0.125920
0.125774
0.126062
0.127078
0.126229
0.126178
0.127149
0.125942
0.125855
0.125950
0.125796
0.125890
0.125991
0.125844
0.126936
0.125861
0.125928
0.126445
0.125809
0.125881
0.125820
0.125851
0.125863
0.125746
0.125710
0.125916
0.125956
0.125858
0.126130
0.126099
0.126318
0.127212
0.126393
0.126386
0.126337
0.126296
0.126369
0.126317
0.126484
0.126375
0.126268
0.126366
0.126428
0.126370
0.126344
0.126434
0.126470
0.126355
0.126322
0.126371
0.129424
0.126224
0.126794
0.126270
0.126493
0.127488
0.127526
0.127463
0.126546
0.126315
0.126468
0.126252
0.126188
0.125611
0.124776
0.124249
0.126391
0.126243
0.127285
0.125881
0.126173
0.126236
0.126045
0.126206
0.125569
0.124737
0.124185
0.124276
0.126109
0.126592
0.124887
0.124330
0.126135
0.126991
0.126236
0.126933
0.126172
0.126252
0.126124
0.126189
0.126168
0.126224
0.126320
0.126349
0.126425
0.126258
0.126386
0.126033
0.125717
0.125759
0.126195
0.125911
0.125846
0.125930
0.126096
0.125836
0.126043
0.126154
0.125859
0.126071
0.126110
0.126013
0.152383
0.125773
0.125800
0.125717
0.125661
0.125861
0.126133
0.127185
0.127805
0.127828
0.127952
0.127392
0.126257
0.127745
0.127561
0.127927
0.127368
0.126441
0.127701
0.127718
0.127355
0.127957
0.127579
0.127620
0.127498
0.128293
0.128234
0.127462
0.127845
0.127923
0.127461
0.128294
0.127668
0.126911
0.126440
0.126570
0.128349
0.126671
0.127865
0.127620
0.128311
0.126590
0.126691
0.127700
0.127993
0.127539
0.128432
0.126479
0.127733
0.127376
0.125687
0.126799
0.127150
0.126459
0.125128
0.126213
0.125544
0.127637
0.128316
0.128572
0.128300
0.127045
0.128383
0.126582
0.128435
0.128254
0.126788
0.127035
0.126557
0.126655
0.128418
0.128361
0.127316
0.127872
0.127843
0.128927
0.127588
0.127961
0.127964
0.126949
0.126949
0.126777
0.127183
0.126928
0.126986
0.126955
0.127033
0.128314
0.127739
0.126262
0.128184
0.127692
0.128187
0.126156
0.127714
0.127779
0.126352
0.127898
0.128007
0.126569
0.126525
0.127640
0.127895
0.127831
0.128214
0.126362
0.128175
0.128293
0.128065
0.127034
0.126326
0.126971
0.127423
0.126397
0.124539
0.126307
0.125083
0.124174
0.124036
0.123687
0.123823
0.123934
0.123782
0.124143
0.126123
0.126774
0.126114
0.125162
0.124167
0.124136
0.124183
0.124013
0.124283
0.125967
0.126732
0.126417
0.126114
0.125990
0.125496
0.124074
0.124024
0.124127
0.124033
0.126093
0.124845
0.124116
0.124271
0.125988
0.126053
0.125985
0.124117
0.125607
0.126073
0.124075
0.125570
0.125470
0.124213
0.124198
0.124053
0.124097
0.124342
0.125810
0.125386
0.124299
0.124472
0.125997
0.126256
0.124552
0.124656
0.124598
0.124013
0.124017
0.125097
0.123937
0.123993
0.125181
0.124005
0.124157
0.123925
0.124114
0.125019
0.123946
0.124026
0.125068
0.125555
0.126229
0.125943
0.125888
0.126714
0.124333
0.123976
0.125719
0.126250
0.126076
0.125443
0.124249
0.124058
0.124939
0.124677
0.124387
0.125338
0.123966
0.124008
0.125259
0.125984
0.126121
0.124110
0.124136
0.124172
0.124078
0.124074
0.124759
0.126164
0.126048
0.125985
0.124593
0.125653
0.125649
0.124607
0.124516
0.124089
0.124287
0.125043
0.126156
0.126185
0.126046
0.125896
0.126852
0.124918
0.123985
0.123947
0.127650
0.126200
0.124323
0.125353
0.124416
0.126043
0.125854
0.126544
0.126026
0.126117
0.126177
0.125462
0.124257
0.124143
0.125143
0.124357
0.124412
0.124091
0.124246
0.124650
0.124092
0.124089
0.124166
0.124219
0.125001
0.125026
0.125097
0.124057
0.125945
0.126021
0.124266
0.126219
0.125355
0.124135
0.125008
0.124184
0.125547
0.126467
0.127043
0.127502
0.126459
0.126157
0.125901
0.125401
0.124559
0.125053
0.125970
0.126271
0.126146
0.127651
0.125462
0.125456
0.125295
0.126320
0.126249
0.124515
0.125730
0.126155
0.126818
0.126855
0.127193
0.127449
0.126861
0.126528
313.927535
